mode: set
github.com/MagicNetLab/ya-practicum-diplom/internal/app/client/app.go:18.37,20.16 2 0
github.com/MagicNetLab/ya-practicum-diplom/internal/app/client/app.go:20.16,22.3 1 0
github.com/MagicNetLab/ya-practicum-diplom/internal/app/client/app.go:24.2,25.16 2 0
github.com/MagicNetLab/ya-practicum-diplom/internal/app/client/app.go:25.16,27.3 1 0
github.com/MagicNetLab/ya-practicum-diplom/internal/app/client/app.go:29.2,29.12 1 0
github.com/MagicNetLab/ya-practicum-diplom/internal/app/client/app.go:33.57,38.16 4 0
github.com/MagicNetLab/ya-practicum-diplom/internal/app/client/app.go:38.16,40.3 1 0
github.com/MagicNetLab/ya-practicum-diplom/internal/app/client/app.go:42.2,47.8 1 0
github.com/MagicNetLab/ya-practicum-diplom/internal/app/client/app.go:51.65,56.16 3 0
github.com/MagicNetLab/ya-practicum-diplom/internal/app/client/app.go:56.16,58.3 1 0
github.com/MagicNetLab/ya-practicum-diplom/internal/app/client/app.go:59.2,63.16 3 0
github.com/MagicNetLab/ya-practicum-diplom/internal/app/client/app.go:63.16,65.3 1 0
github.com/MagicNetLab/ya-practicum-diplom/internal/app/client/app.go:66.2,70.16 3 0
github.com/MagicNetLab/ya-practicum-diplom/internal/app/client/app.go:70.16,72.3 1 0
github.com/MagicNetLab/ya-practicum-diplom/internal/app/client/app.go:73.2,77.16 3 0
github.com/MagicNetLab/ya-practicum-diplom/internal/app/client/app.go:77.16,79.3 1 0
github.com/MagicNetLab/ya-practicum-diplom/internal/app/client/app.go:80.2,83.16 3 0
github.com/MagicNetLab/ya-practicum-diplom/internal/app/client/app.go:83.16,85.3 1 0
github.com/MagicNetLab/ya-practicum-diplom/internal/app/client/app.go:86.2,88.22 2 0
github.com/MagicNetLab/ya-practicum-diplom/internal/app/server/app.go:22.57,24.16 2 0
github.com/MagicNetLab/ya-practicum-diplom/internal/app/server/app.go:24.16,26.3 1 0
github.com/MagicNetLab/ya-practicum-diplom/internal/app/server/app.go:28.2,29.16 2 0
github.com/MagicNetLab/ya-practicum-diplom/internal/app/server/app.go:29.16,31.3 1 0
github.com/MagicNetLab/ya-practicum-diplom/internal/app/server/app.go:33.2,37.8 1 0
github.com/MagicNetLab/ya-practicum-diplom/internal/app/server/app.go:49.44,51.16 2 0
github.com/MagicNetLab/ya-practicum-diplom/internal/app/server/app.go:51.16,54.3 2 0
github.com/MagicNetLab/ya-practicum-diplom/internal/app/server/app.go:56.2,57.16 2 0
github.com/MagicNetLab/ya-practicum-diplom/internal/app/server/app.go:57.16,60.3 2 0
github.com/MagicNetLab/ya-practicum-diplom/internal/app/server/app.go:62.2,63.16 2 0
github.com/MagicNetLab/ya-practicum-diplom/internal/app/server/app.go:63.16,66.3 2 0
github.com/MagicNetLab/ya-practicum-diplom/internal/app/server/app.go:68.2,90.12 11 0
github.com/MagicNetLab/ya-practicum-diplom/internal/app/server/app.go:94.39,98.16 3 0
github.com/MagicNetLab/ya-practicum-diplom/internal/app/server/app.go:98.16,101.3 2 0
github.com/MagicNetLab/ya-practicum-diplom/internal/app/server/app.go:103.2,106.51 3 0
github.com/MagicNetLab/ya-practicum-diplom/internal/app/server/app.go:106.51,109.3 2 0
github.com/MagicNetLab/ya-practicum-diplom/internal/app/server/app.go:111.2,111.12 1 0
github.com/MagicNetLab/ya-practicum-diplom/internal/app/server/app.go:115.32,120.2 4 0
github.com/MagicNetLab/ya-practicum-diplom/internal/app/client/accounts/add.go:19.94,21.16 2 1
github.com/MagicNetLab/ya-practicum-diplom/internal/app/client/accounts/add.go:21.16,24.3 2 1
github.com/MagicNetLab/ya-practicum-diplom/internal/app/client/accounts/add.go:26.2,30.16 4 1
github.com/MagicNetLab/ya-practicum-diplom/internal/app/client/accounts/add.go:30.16,33.3 2 0
github.com/MagicNetLab/ya-practicum-diplom/internal/app/client/accounts/add.go:35.2,37.16 3 1
github.com/MagicNetLab/ya-practicum-diplom/internal/app/client/accounts/add.go:37.16,40.3 2 0
github.com/MagicNetLab/ya-practicum-diplom/internal/app/client/accounts/add.go:42.2,44.16 3 1
github.com/MagicNetLab/ya-practicum-diplom/internal/app/client/accounts/add.go:44.16,47.3 2 0
github.com/MagicNetLab/ya-practicum-diplom/internal/app/client/accounts/add.go:49.2,65.16 9 1
github.com/MagicNetLab/ya-practicum-diplom/internal/app/client/accounts/add.go:65.16,66.58 1 1
github.com/MagicNetLab/ya-practicum-diplom/internal/app/client/accounts/add.go:66.58,69.4 2 1
github.com/MagicNetLab/ya-practicum-diplom/internal/app/client/accounts/add.go:69.9,71.4 1 1
github.com/MagicNetLab/ya-practicum-diplom/internal/app/client/accounts/add.go:72.3,72.13 1 1
github.com/MagicNetLab/ya-practicum-diplom/internal/app/client/accounts/add.go:75.2,77.12 2 1
github.com/MagicNetLab/ya-practicum-diplom/internal/app/client/accounts/cli.go:18.74,20.16 2 0
github.com/MagicNetLab/ya-practicum-diplom/internal/app/client/accounts/cli.go:20.16,22.3 1 0
github.com/MagicNetLab/ya-practicum-diplom/internal/app/client/accounts/cli.go:24.2,26.16 3 0
github.com/MagicNetLab/ya-practicum-diplom/internal/app/client/accounts/cli.go:26.16,28.3 1 0
github.com/MagicNetLab/ya-practicum-diplom/internal/app/client/accounts/cli.go:30.2,40.64 2 0
github.com/MagicNetLab/ya-practicum-diplom/internal/app/client/accounts/cli.go:40.64,42.7 1 0
github.com/MagicNetLab/ya-practicum-diplom/internal/app/client/accounts/cli.go:48.64,50.7 1 0
github.com/MagicNetLab/ya-practicum-diplom/internal/app/client/accounts/cli.go:56.64,58.7 1 0
github.com/MagicNetLab/ya-practicum-diplom/internal/app/client/accounts/cli.go:64.64,66.7 1 0
github.com/MagicNetLab/ya-practicum-diplom/internal/app/client/accounts/cli.go:72.64,74.7 1 0
github.com/MagicNetLab/ya-practicum-diplom/internal/app/client/accounts/info.go:18.97,22.16 4 1
github.com/MagicNetLab/ya-practicum-diplom/internal/app/client/accounts/info.go:22.16,25.3 2 1
github.com/MagicNetLab/ya-practicum-diplom/internal/app/client/accounts/info.go:27.2,28.16 2 1
github.com/MagicNetLab/ya-practicum-diplom/internal/app/client/accounts/info.go:28.16,31.3 2 1
github.com/MagicNetLab/ya-practicum-diplom/internal/app/client/accounts/info.go:33.2,38.16 5 1
github.com/MagicNetLab/ya-practicum-diplom/internal/app/client/accounts/info.go:38.16,39.58 1 1
github.com/MagicNetLab/ya-practicum-diplom/internal/app/client/accounts/info.go:39.58,43.4 3 1
github.com/MagicNetLab/ya-practicum-diplom/internal/app/client/accounts/info.go:44.3,45.13 2 1
github.com/MagicNetLab/ya-practicum-diplom/internal/app/client/accounts/info.go:48.2,55.12 7 1
github.com/MagicNetLab/ya-practicum-diplom/internal/app/client/accounts/list.go:18.95,20.16 2 1
github.com/MagicNetLab/ya-practicum-diplom/internal/app/client/accounts/list.go:20.16,23.3 2 1
github.com/MagicNetLab/ya-practicum-diplom/internal/app/client/accounts/list.go:25.2,30.16 5 1
github.com/MagicNetLab/ya-practicum-diplom/internal/app/client/accounts/list.go:30.16,31.58 1 1
github.com/MagicNetLab/ya-practicum-diplom/internal/app/client/accounts/list.go:31.58,35.4 3 1
github.com/MagicNetLab/ya-practicum-diplom/internal/app/client/accounts/list.go:37.3,38.13 2 0
github.com/MagicNetLab/ya-practicum-diplom/internal/app/client/accounts/list.go:41.2,41.29 1 1
github.com/MagicNetLab/ya-practicum-diplom/internal/app/client/accounts/list.go:41.29,44.3 2 1
github.com/MagicNetLab/ya-practicum-diplom/internal/app/client/accounts/list.go:46.2,47.36 2 1
github.com/MagicNetLab/ya-practicum-diplom/internal/app/client/accounts/list.go:47.36,49.3 1 1
github.com/MagicNetLab/ya-practicum-diplom/internal/app/client/accounts/list.go:51.2,51.12 1 1
github.com/MagicNetLab/ya-practicum-diplom/internal/app/client/accounts/rm.go:18.97,22.16 4 1
github.com/MagicNetLab/ya-practicum-diplom/internal/app/client/accounts/rm.go:22.16,25.3 2 1
github.com/MagicNetLab/ya-practicum-diplom/internal/app/client/accounts/rm.go:27.2,28.16 2 1
github.com/MagicNetLab/ya-practicum-diplom/internal/app/client/accounts/rm.go:28.16,31.3 2 1
github.com/MagicNetLab/ya-practicum-diplom/internal/app/client/accounts/rm.go:32.2,38.16 5 1
github.com/MagicNetLab/ya-practicum-diplom/internal/app/client/accounts/rm.go:38.16,39.58 1 1
github.com/MagicNetLab/ya-practicum-diplom/internal/app/client/accounts/rm.go:39.58,43.4 3 1
github.com/MagicNetLab/ya-practicum-diplom/internal/app/client/accounts/rm.go:45.3,46.13 2 1
github.com/MagicNetLab/ya-practicum-diplom/internal/app/client/accounts/rm.go:49.2,50.12 2 1
github.com/MagicNetLab/ya-practicum-diplom/internal/app/client/accounts/search.go:18.97,22.16 4 1
github.com/MagicNetLab/ya-practicum-diplom/internal/app/client/accounts/search.go:22.16,25.3 2 1
github.com/MagicNetLab/ya-practicum-diplom/internal/app/client/accounts/search.go:27.2,28.16 2 1
github.com/MagicNetLab/ya-practicum-diplom/internal/app/client/accounts/search.go:28.16,31.3 2 1
github.com/MagicNetLab/ya-practicum-diplom/internal/app/client/accounts/search.go:32.2,37.16 5 1
github.com/MagicNetLab/ya-practicum-diplom/internal/app/client/accounts/search.go:37.16,38.58 1 1
github.com/MagicNetLab/ya-practicum-diplom/internal/app/client/accounts/search.go:38.58,42.4 3 1
github.com/MagicNetLab/ya-practicum-diplom/internal/app/client/accounts/search.go:43.3,44.13 2 1
github.com/MagicNetLab/ya-practicum-diplom/internal/app/client/accounts/search.go:47.2,47.29 1 1
github.com/MagicNetLab/ya-practicum-diplom/internal/app/client/accounts/search.go:47.29,50.3 2 0
github.com/MagicNetLab/ya-practicum-diplom/internal/app/client/accounts/search.go:52.2,53.36 2 1
github.com/MagicNetLab/ya-practicum-diplom/internal/app/client/accounts/search.go:53.36,55.3 1 1
github.com/MagicNetLab/ya-practicum-diplom/internal/app/client/accounts/search.go:57.2,57.12 1 1
github.com/MagicNetLab/ya-practicum-diplom/internal/app/client/accounts/testHelpers.go:13.33,15.2 1 1
github.com/MagicNetLab/ya-practicum-diplom/internal/app/client/accounts/testHelpers.go:18.43,21.16 3 1
github.com/MagicNetLab/ya-practicum-diplom/internal/app/client/accounts/testHelpers.go:21.16,22.13 1 0
github.com/MagicNetLab/ya-practicum-diplom/internal/app/client/accounts/testHelpers.go:24.2,27.12 3 1
github.com/MagicNetLab/ya-practicum-diplom/internal/app/client/accounts/testHelpers.go:27.12,30.17 3 1
github.com/MagicNetLab/ya-practicum-diplom/internal/app/client/accounts/testHelpers.go:30.17,31.14 1 0
github.com/MagicNetLab/ya-practicum-diplom/internal/app/client/accounts/testHelpers.go:33.3,33.23 1 1
github.com/MagicNetLab/ya-practicum-diplom/internal/app/client/accounts/testHelpers.go:36.2,40.15 4 1
github.com/MagicNetLab/ya-practicum-diplom/internal/logger/args.go:13.44,15.2 1 0
github.com/MagicNetLab/ya-practicum-diplom/internal/logger/args.go:18.41,20.2 1 0
github.com/MagicNetLab/ya-practicum-diplom/internal/logger/args.go:23.60,25.2 1 0
github.com/MagicNetLab/ya-practicum-diplom/internal/logger/logger.go:14.19,38.2 4 0
github.com/MagicNetLab/ya-practicum-diplom/internal/logger/logger.go:41.39,43.2 1 0
github.com/MagicNetLab/ya-practicum-diplom/internal/logger/logger.go:46.40,48.2 1 0
github.com/MagicNetLab/ya-practicum-diplom/internal/logger/logger.go:51.40,53.2 1 0
github.com/MagicNetLab/ya-practicum-diplom/internal/logger/logger.go:56.40,58.2 1 0
github.com/MagicNetLab/ya-practicum-diplom/internal/logger/logger.go:61.39,63.2 1 0
github.com/MagicNetLab/ya-practicum-diplom/internal/logger/logger.go:66.20,68.2 1 0
github.com/MagicNetLab/ya-practicum-diplom/internal/logger/logger.go:71.52,73.27 2 0
github.com/MagicNetLab/ya-practicum-diplom/internal/logger/logger.go:73.27,74.22 1 0
github.com/MagicNetLab/ya-practicum-diplom/internal/logger/logger.go:75.17,76.71 1 0
github.com/MagicNetLab/ya-practicum-diplom/internal/logger/logger.go:77.14,78.65 1 0
github.com/MagicNetLab/ya-practicum-diplom/internal/logger/logger.go:79.19,80.80 1 0
github.com/MagicNetLab/ya-practicum-diplom/internal/logger/logger.go:84.2,84.16 1 0
github.com/MagicNetLab/ya-practicum-diplom/internal/app/client/auth/auth.go:14.88,19.30 4 1
github.com/MagicNetLab/ya-practicum-diplom/internal/app/client/auth/auth.go:19.30,22.3 2 1
github.com/MagicNetLab/ya-practicum-diplom/internal/app/client/auth/auth.go:24.2,26.34 3 1
github.com/MagicNetLab/ya-practicum-diplom/internal/app/client/auth/auth.go:26.34,29.3 2 1
github.com/MagicNetLab/ya-practicum-diplom/internal/app/client/auth/auth.go:31.2,37.16 3 1
github.com/MagicNetLab/ya-practicum-diplom/internal/app/client/auth/auth.go:37.16,40.3 2 1
github.com/MagicNetLab/ya-practicum-diplom/internal/app/client/auth/auth.go:42.2,43.16 2 1
github.com/MagicNetLab/ya-practicum-diplom/internal/app/client/auth/auth.go:43.16,45.3 1 0
github.com/MagicNetLab/ya-practicum-diplom/internal/app/client/auth/auth.go:46.2,48.12 2 1
github.com/MagicNetLab/ya-practicum-diplom/internal/app/client/auth/cli.go:13.71,15.16 2 0
github.com/MagicNetLab/ya-practicum-diplom/internal/app/client/auth/cli.go:15.16,17.3 1 0
github.com/MagicNetLab/ya-practicum-diplom/internal/app/client/auth/cli.go:19.2,21.16 3 0
github.com/MagicNetLab/ya-practicum-diplom/internal/app/client/auth/cli.go:21.16,23.3 1 0
github.com/MagicNetLab/ya-practicum-diplom/internal/app/client/auth/cli.go:25.2,32.62 2 0
github.com/MagicNetLab/ya-practicum-diplom/internal/app/client/auth/cli.go:32.62,34.5 1 0
github.com/MagicNetLab/ya-practicum-diplom/internal/app/client/auth/cli.go:40.62,42.5 1 0
github.com/MagicNetLab/ya-practicum-diplom/internal/app/client/auth/register.go:14.92,19.30 4 1
github.com/MagicNetLab/ya-practicum-diplom/internal/app/client/auth/register.go:19.30,22.3 2 1
github.com/MagicNetLab/ya-practicum-diplom/internal/app/client/auth/register.go:24.2,26.34 3 1
github.com/MagicNetLab/ya-practicum-diplom/internal/app/client/auth/register.go:26.34,29.3 2 1
github.com/MagicNetLab/ya-practicum-diplom/internal/app/client/auth/register.go:31.2,37.16 3 1
github.com/MagicNetLab/ya-practicum-diplom/internal/app/client/auth/register.go:37.16,40.3 2 1
github.com/MagicNetLab/ya-practicum-diplom/internal/app/client/auth/register.go:42.2,43.16 2 1
github.com/MagicNetLab/ya-practicum-diplom/internal/app/client/auth/register.go:43.16,45.3 1 0
github.com/MagicNetLab/ya-practicum-diplom/internal/app/client/auth/register.go:46.2,48.12 2 1
github.com/MagicNetLab/ya-practicum-diplom/internal/app/client/auth/testHelpers.go:11.43,14.16 3 1
github.com/MagicNetLab/ya-practicum-diplom/internal/app/client/auth/testHelpers.go:14.16,15.13 1 0
github.com/MagicNetLab/ya-practicum-diplom/internal/app/client/auth/testHelpers.go:17.2,20.12 3 1
github.com/MagicNetLab/ya-practicum-diplom/internal/app/client/auth/testHelpers.go:20.12,23.17 3 1
github.com/MagicNetLab/ya-practicum-diplom/internal/app/client/auth/testHelpers.go:23.17,24.14 1 0
github.com/MagicNetLab/ya-practicum-diplom/internal/app/client/auth/testHelpers.go:26.3,26.23 1 1
github.com/MagicNetLab/ya-practicum-diplom/internal/app/client/auth/testHelpers.go:29.2,33.15 4 1
github.com/MagicNetLab/ya-practicum-diplom/internal/app/client/auth/testHelpers.go:37.51,40.16 3 1
github.com/MagicNetLab/ya-practicum-diplom/internal/app/client/auth/testHelpers.go:40.16,42.3 1 0
github.com/MagicNetLab/ya-practicum-diplom/internal/app/client/auth/testHelpers.go:44.2,45.16 2 1
github.com/MagicNetLab/ya-practicum-diplom/internal/app/client/auth/testHelpers.go:45.16,47.3 1 0
github.com/MagicNetLab/ya-practicum-diplom/internal/app/client/auth/testHelpers.go:48.2,52.16 3 1
github.com/MagicNetLab/ya-practicum-diplom/internal/app/client/auth/testHelpers.go:52.16,54.3 1 1
github.com/MagicNetLab/ya-practicum-diplom/internal/logger/args.go:13.44,15.2 1 0
github.com/MagicNetLab/ya-practicum-diplom/internal/logger/args.go:18.41,20.2 1 0
github.com/MagicNetLab/ya-practicum-diplom/internal/logger/args.go:23.60,25.2 1 0
github.com/MagicNetLab/ya-practicum-diplom/internal/logger/logger.go:14.19,38.2 4 0
github.com/MagicNetLab/ya-practicum-diplom/internal/logger/logger.go:41.39,43.2 1 0
github.com/MagicNetLab/ya-practicum-diplom/internal/logger/logger.go:46.40,48.2 1 0
github.com/MagicNetLab/ya-practicum-diplom/internal/logger/logger.go:51.40,53.2 1 0
github.com/MagicNetLab/ya-practicum-diplom/internal/logger/logger.go:56.40,58.2 1 0
github.com/MagicNetLab/ya-practicum-diplom/internal/logger/logger.go:61.39,63.2 1 0
github.com/MagicNetLab/ya-practicum-diplom/internal/logger/logger.go:66.20,68.2 1 0
github.com/MagicNetLab/ya-practicum-diplom/internal/logger/logger.go:71.52,73.27 2 0
github.com/MagicNetLab/ya-practicum-diplom/internal/logger/logger.go:73.27,74.22 1 0
github.com/MagicNetLab/ya-practicum-diplom/internal/logger/logger.go:75.17,76.71 1 0
github.com/MagicNetLab/ya-practicum-diplom/internal/logger/logger.go:77.14,78.65 1 0
github.com/MagicNetLab/ya-practicum-diplom/internal/logger/logger.go:79.19,80.80 1 0
github.com/MagicNetLab/ya-practicum-diplom/internal/logger/logger.go:84.2,84.16 1 0
github.com/MagicNetLab/ya-practicum-diplom/internal/config/conf.go:17.41,18.22 1 1
github.com/MagicNetLab/ya-practicum-diplom/internal/config/conf.go:18.22,20.3 1 0
github.com/MagicNetLab/ya-practicum-diplom/internal/config/conf.go:22.2,23.36 2 1
github.com/MagicNetLab/ya-practicum-diplom/internal/config/conf.go:23.36,25.3 1 1
github.com/MagicNetLab/ya-practicum-diplom/internal/config/conf.go:27.2,27.45 1 1
github.com/MagicNetLab/ya-practicum-diplom/internal/config/conf.go:30.37,36.2 1 1
github.com/MagicNetLab/ya-practicum-diplom/internal/config/conf.go:38.25,40.16 2 1
github.com/MagicNetLab/ya-practicum-diplom/internal/config/conf.go:40.16,43.3 2 0
github.com/MagicNetLab/ya-practicum-diplom/internal/config/conf.go:45.2,45.36 1 1
github.com/MagicNetLab/ya-practicum-diplom/internal/config/conf.go:45.36,47.17 2 1
github.com/MagicNetLab/ya-practicum-diplom/internal/config/conf.go:47.17,49.12 2 1
github.com/MagicNetLab/ya-practicum-diplom/internal/config/conf.go:52.3,53.17 2 1
github.com/MagicNetLab/ya-practicum-diplom/internal/config/conf.go:53.17,55.4 1 1
github.com/MagicNetLab/ya-practicum-diplom/internal/config/conf.go:57.3,58.17 2 1
github.com/MagicNetLab/ya-practicum-diplom/internal/config/conf.go:58.17,60.4 1 1
github.com/MagicNetLab/ya-practicum-diplom/internal/config/conf.go:62.3,63.17 2 1
github.com/MagicNetLab/ya-practicum-diplom/internal/config/conf.go:63.17,65.4 1 1
github.com/MagicNetLab/ya-practicum-diplom/internal/config/conf.go:67.3,68.17 2 1
github.com/MagicNetLab/ya-practicum-diplom/internal/config/conf.go:68.17,70.4 1 1
github.com/MagicNetLab/ya-practicum-diplom/internal/config/conf.go:72.3,73.17 2 1
github.com/MagicNetLab/ya-practicum-diplom/internal/config/conf.go:73.17,75.4 1 1
github.com/MagicNetLab/ya-practicum-diplom/internal/config/conf.go:77.3,78.17 2 1
github.com/MagicNetLab/ya-practicum-diplom/internal/config/conf.go:78.17,80.4 1 1
github.com/MagicNetLab/ya-practicum-diplom/internal/config/conf.go:82.3,83.17 2 1
github.com/MagicNetLab/ya-practicum-diplom/internal/config/conf.go:83.17,85.4 1 1
github.com/MagicNetLab/ya-practicum-diplom/internal/config/conf.go:87.3,88.17 2 1
github.com/MagicNetLab/ya-practicum-diplom/internal/config/conf.go:88.17,90.4 1 1
github.com/MagicNetLab/ya-practicum-diplom/internal/config/conf.go:92.3,93.17 2 1
github.com/MagicNetLab/ya-practicum-diplom/internal/config/conf.go:93.17,95.4 1 1
github.com/MagicNetLab/ya-practicum-diplom/internal/config/conf.go:97.3,98.17 2 1
github.com/MagicNetLab/ya-practicum-diplom/internal/config/conf.go:98.17,100.4 1 1
github.com/MagicNetLab/ya-practicum-diplom/internal/config/conf.go:102.3,103.17 2 1
github.com/MagicNetLab/ya-practicum-diplom/internal/config/conf.go:103.17,105.4 1 1
github.com/MagicNetLab/ya-practicum-diplom/internal/config/conf.go:107.3,108.17 2 1
github.com/MagicNetLab/ya-practicum-diplom/internal/config/conf.go:108.17,110.4 1 1
github.com/MagicNetLab/ya-practicum-diplom/internal/config/conf.go:112.3,113.17 2 1
github.com/MagicNetLab/ya-practicum-diplom/internal/config/conf.go:113.17,115.4 1 1
github.com/MagicNetLab/ya-practicum-diplom/internal/config/conf.go:115.9,117.4 1 0
github.com/MagicNetLab/ya-practicum-diplom/internal/config/conf.go:119.3,120.17 2 1
github.com/MagicNetLab/ya-practicum-diplom/internal/config/conf.go:120.17,122.18 2 1
github.com/MagicNetLab/ya-practicum-diplom/internal/config/conf.go:122.18,124.5 1 1
github.com/MagicNetLab/ya-practicum-diplom/internal/config/conf.go:127.3,128.17 2 1
github.com/MagicNetLab/ya-practicum-diplom/internal/config/conf.go:128.17,130.18 2 1
github.com/MagicNetLab/ya-practicum-diplom/internal/config/conf.go:130.18,132.5 1 1
github.com/MagicNetLab/ya-practicum-diplom/internal/config/conf.go:135.3,136.17 2 1
github.com/MagicNetLab/ya-practicum-diplom/internal/config/conf.go:136.17,138.4 1 1
github.com/MagicNetLab/ya-practicum-diplom/internal/config/conf.go:141.2,141.12 1 1
github.com/MagicNetLab/ya-practicum-diplom/internal/config/configurator.go:43.43,45.2 1 0
github.com/MagicNetLab/ya-practicum-diplom/internal/config/configurator.go:48.43,50.2 1 0
github.com/MagicNetLab/ya-practicum-diplom/internal/config/configurator.go:53.43,55.2 1 0
github.com/MagicNetLab/ya-practicum-diplom/internal/config/configurator.go:58.44,60.2 1 0
github.com/MagicNetLab/ya-practicum-diplom/internal/config/configurator.go:63.44,65.2 1 0
github.com/MagicNetLab/ya-practicum-diplom/internal/config/configurator.go:68.41,70.2 1 0
github.com/MagicNetLab/ya-practicum-diplom/internal/config/configurator.go:73.39,75.2 1 0
github.com/MagicNetLab/ya-practicum-diplom/internal/config/configurator.go:78.39,80.2 1 0
github.com/MagicNetLab/ya-practicum-diplom/internal/config/configurator.go:83.39,85.2 1 0
github.com/MagicNetLab/ya-practicum-diplom/internal/config/configurator.go:88.43,90.2 1 0
github.com/MagicNetLab/ya-practicum-diplom/internal/config/configurator.go:93.39,95.2 1 0
github.com/MagicNetLab/ya-practicum-diplom/internal/config/configurator.go:98.42,100.2 1 0
github.com/MagicNetLab/ya-practicum-diplom/internal/config/configurator.go:103.51,106.2 1 0
github.com/MagicNetLab/ya-practicum-diplom/internal/config/configurator.go:109.42,111.2 1 0
github.com/MagicNetLab/ya-practicum-diplom/internal/config/configurator.go:114.56,116.2 1 0
github.com/MagicNetLab/ya-practicum-diplom/internal/config/configurator.go:119.63,121.2 1 0
github.com/MagicNetLab/ya-practicum-diplom/internal/config/configurator.go:123.43,125.2 1 0
github.com/MagicNetLab/ya-practicum-diplom/internal/config/configurator.go:128.38,140.2 6 1
github.com/MagicNetLab/ya-practicum-diplom/internal/logger/args.go:13.44,15.2 1 1
github.com/MagicNetLab/ya-practicum-diplom/internal/logger/args.go:18.41,20.2 1 0
github.com/MagicNetLab/ya-practicum-diplom/internal/logger/args.go:23.60,25.2 1 0
github.com/MagicNetLab/ya-practicum-diplom/internal/logger/logger.go:14.19,38.2 4 0
github.com/MagicNetLab/ya-practicum-diplom/internal/logger/logger.go:41.39,43.2 1 0
github.com/MagicNetLab/ya-practicum-diplom/internal/logger/logger.go:46.40,48.2 1 1
github.com/MagicNetLab/ya-practicum-diplom/internal/logger/logger.go:51.40,53.2 1 0
github.com/MagicNetLab/ya-practicum-diplom/internal/logger/logger.go:56.40,58.2 1 0
github.com/MagicNetLab/ya-practicum-diplom/internal/logger/logger.go:61.39,63.2 1 0
github.com/MagicNetLab/ya-practicum-diplom/internal/logger/logger.go:66.20,68.2 1 0
github.com/MagicNetLab/ya-practicum-diplom/internal/logger/logger.go:71.52,73.27 2 1
github.com/MagicNetLab/ya-practicum-diplom/internal/logger/logger.go:73.27,74.22 1 1
github.com/MagicNetLab/ya-practicum-diplom/internal/logger/logger.go:75.17,76.71 1 1
github.com/MagicNetLab/ya-practicum-diplom/internal/logger/logger.go:77.14,78.65 1 0
github.com/MagicNetLab/ya-practicum-diplom/internal/logger/logger.go:79.19,80.80 1 0
github.com/MagicNetLab/ya-practicum-diplom/internal/logger/logger.go:84.2,84.16 1 1
github.com/MagicNetLab/ya-practicum-diplom/internal/app/client/card/add.go:19.87,21.16 2 1
github.com/MagicNetLab/ya-practicum-diplom/internal/app/client/card/add.go:21.16,24.3 2 1
github.com/MagicNetLab/ya-practicum-diplom/internal/app/client/card/add.go:26.2,29.30 4 1
github.com/MagicNetLab/ya-practicum-diplom/internal/app/client/card/add.go:29.30,32.3 2 1
github.com/MagicNetLab/ya-practicum-diplom/internal/app/client/card/add.go:34.2,36.32 3 1
github.com/MagicNetLab/ya-practicum-diplom/internal/app/client/card/add.go:36.32,39.3 2 1
github.com/MagicNetLab/ya-practicum-diplom/internal/app/client/card/add.go:41.2,43.16 3 1
github.com/MagicNetLab/ya-practicum-diplom/internal/app/client/card/add.go:43.16,46.3 2 1
github.com/MagicNetLab/ya-practicum-diplom/internal/app/client/card/add.go:47.2,48.16 2 1
github.com/MagicNetLab/ya-practicum-diplom/internal/app/client/card/add.go:48.16,51.3 2 0
github.com/MagicNetLab/ya-practicum-diplom/internal/app/client/card/add.go:53.2,55.16 3 1
github.com/MagicNetLab/ya-practicum-diplom/internal/app/client/card/add.go:55.16,58.3 2 1
github.com/MagicNetLab/ya-practicum-diplom/internal/app/client/card/add.go:59.2,60.16 2 1
github.com/MagicNetLab/ya-practicum-diplom/internal/app/client/card/add.go:60.16,63.3 2 0
github.com/MagicNetLab/ya-practicum-diplom/internal/app/client/card/add.go:65.2,67.16 3 1
github.com/MagicNetLab/ya-practicum-diplom/internal/app/client/card/add.go:67.16,70.3 2 1
github.com/MagicNetLab/ya-practicum-diplom/internal/app/client/card/add.go:72.2,74.16 3 1
github.com/MagicNetLab/ya-practicum-diplom/internal/app/client/card/add.go:74.16,77.3 2 1
github.com/MagicNetLab/ya-practicum-diplom/internal/app/client/card/add.go:79.2,82.18 4 1
github.com/MagicNetLab/ya-practicum-diplom/internal/app/client/card/add.go:82.18,84.3 1 0
github.com/MagicNetLab/ya-practicum-diplom/internal/app/client/card/add.go:86.2,98.16 4 1
github.com/MagicNetLab/ya-practicum-diplom/internal/app/client/card/add.go:98.16,99.58 1 1
github.com/MagicNetLab/ya-practicum-diplom/internal/app/client/card/add.go:99.58,103.4 3 1
github.com/MagicNetLab/ya-practicum-diplom/internal/app/client/card/add.go:105.3,105.58 1 1
github.com/MagicNetLab/ya-practicum-diplom/internal/app/client/card/add.go:105.58,108.4 2 1
github.com/MagicNetLab/ya-practicum-diplom/internal/app/client/card/add.go:110.3,111.13 2 1
github.com/MagicNetLab/ya-practicum-diplom/internal/app/client/card/add.go:114.2,115.12 2 1
github.com/MagicNetLab/ya-practicum-diplom/internal/app/client/card/cli.go:18.71,20.16 2 0
github.com/MagicNetLab/ya-practicum-diplom/internal/app/client/card/cli.go:20.16,22.3 1 0
github.com/MagicNetLab/ya-practicum-diplom/internal/app/client/card/cli.go:24.2,26.16 3 0
github.com/MagicNetLab/ya-practicum-diplom/internal/app/client/card/cli.go:26.16,28.3 1 0
github.com/MagicNetLab/ya-practicum-diplom/internal/app/client/card/cli.go:30.2,40.64 2 0
github.com/MagicNetLab/ya-practicum-diplom/internal/app/client/card/cli.go:40.64,42.7 1 0
github.com/MagicNetLab/ya-practicum-diplom/internal/app/client/card/cli.go:48.64,50.7 1 0
github.com/MagicNetLab/ya-practicum-diplom/internal/app/client/card/cli.go:56.64,58.7 1 0
github.com/MagicNetLab/ya-practicum-diplom/internal/app/client/card/cli.go:64.64,66.7 1 0
github.com/MagicNetLab/ya-practicum-diplom/internal/app/client/card/cli.go:72.64,74.7 1 0
github.com/MagicNetLab/ya-practicum-diplom/internal/app/client/card/info.go:17.90,19.16 2 1
github.com/MagicNetLab/ya-practicum-diplom/internal/app/client/card/info.go:19.16,22.3 2 1
github.com/MagicNetLab/ya-practicum-diplom/internal/app/client/card/info.go:24.2,27.16 4 1
github.com/MagicNetLab/ya-practicum-diplom/internal/app/client/card/info.go:27.16,30.3 2 1
github.com/MagicNetLab/ya-practicum-diplom/internal/app/client/card/info.go:32.2,36.16 4 1
github.com/MagicNetLab/ya-practicum-diplom/internal/app/client/card/info.go:36.16,37.58 1 1
github.com/MagicNetLab/ya-practicum-diplom/internal/app/client/card/info.go:37.58,41.4 3 1
github.com/MagicNetLab/ya-practicum-diplom/internal/app/client/card/info.go:43.3,44.13 2 1
github.com/MagicNetLab/ya-practicum-diplom/internal/app/client/card/info.go:47.2,57.12 9 1
github.com/MagicNetLab/ya-practicum-diplom/internal/app/client/card/list.go:17.88,19.16 2 1
github.com/MagicNetLab/ya-practicum-diplom/internal/app/client/card/list.go:19.16,22.3 2 1
github.com/MagicNetLab/ya-practicum-diplom/internal/app/client/card/list.go:23.2,28.16 5 1
github.com/MagicNetLab/ya-practicum-diplom/internal/app/client/card/list.go:28.16,29.58 1 1
github.com/MagicNetLab/ya-practicum-diplom/internal/app/client/card/list.go:29.58,33.4 3 1
github.com/MagicNetLab/ya-practicum-diplom/internal/app/client/card/list.go:35.3,36.13 2 1
github.com/MagicNetLab/ya-practicum-diplom/internal/app/client/card/list.go:39.2,39.31 1 1
github.com/MagicNetLab/ya-practicum-diplom/internal/app/client/card/list.go:39.31,42.3 2 1
github.com/MagicNetLab/ya-practicum-diplom/internal/app/client/card/list.go:44.2,45.38 2 1
github.com/MagicNetLab/ya-practicum-diplom/internal/app/client/card/list.go:45.38,47.3 1 1
github.com/MagicNetLab/ya-practicum-diplom/internal/app/client/card/list.go:49.2,49.12 1 1
github.com/MagicNetLab/ya-practicum-diplom/internal/app/client/card/rm.go:17.90,19.16 2 1
github.com/MagicNetLab/ya-practicum-diplom/internal/app/client/card/rm.go:19.16,22.3 2 1
github.com/MagicNetLab/ya-practicum-diplom/internal/app/client/card/rm.go:24.2,27.16 4 1
github.com/MagicNetLab/ya-practicum-diplom/internal/app/client/card/rm.go:27.16,30.3 2 1
github.com/MagicNetLab/ya-practicum-diplom/internal/app/client/card/rm.go:32.2,35.16 4 1
github.com/MagicNetLab/ya-practicum-diplom/internal/app/client/card/rm.go:35.16,36.58 1 1
github.com/MagicNetLab/ya-practicum-diplom/internal/app/client/card/rm.go:36.58,40.4 3 1
github.com/MagicNetLab/ya-practicum-diplom/internal/app/client/card/rm.go:41.3,42.13 2 1
github.com/MagicNetLab/ya-practicum-diplom/internal/app/client/card/rm.go:45.2,47.12 2 1
github.com/MagicNetLab/ya-practicum-diplom/internal/app/client/card/search.go:17.90,19.16 2 1
github.com/MagicNetLab/ya-practicum-diplom/internal/app/client/card/search.go:19.16,22.3 2 1
github.com/MagicNetLab/ya-practicum-diplom/internal/app/client/card/search.go:24.2,27.16 4 1
github.com/MagicNetLab/ya-practicum-diplom/internal/app/client/card/search.go:27.16,30.3 2 1
github.com/MagicNetLab/ya-practicum-diplom/internal/app/client/card/search.go:32.2,37.16 5 1
github.com/MagicNetLab/ya-practicum-diplom/internal/app/client/card/search.go:37.16,38.58 1 1
github.com/MagicNetLab/ya-practicum-diplom/internal/app/client/card/search.go:38.58,42.4 3 1
github.com/MagicNetLab/ya-practicum-diplom/internal/app/client/card/search.go:43.3,44.13 2 1
github.com/MagicNetLab/ya-practicum-diplom/internal/app/client/card/search.go:47.2,47.30 1 1
github.com/MagicNetLab/ya-practicum-diplom/internal/app/client/card/search.go:47.30,50.3 2 1
github.com/MagicNetLab/ya-practicum-diplom/internal/app/client/card/search.go:52.2,53.35 2 1
github.com/MagicNetLab/ya-practicum-diplom/internal/app/client/card/search.go:53.35,55.3 1 1
github.com/MagicNetLab/ya-practicum-diplom/internal/app/client/card/search.go:57.2,57.12 1 1
github.com/MagicNetLab/ya-practicum-diplom/internal/app/client/card/testHelpers.go:14.33,16.2 1 1
github.com/MagicNetLab/ya-practicum-diplom/internal/app/client/card/testHelpers.go:19.43,22.16 3 1
github.com/MagicNetLab/ya-practicum-diplom/internal/app/client/card/testHelpers.go:22.16,23.13 1 0
github.com/MagicNetLab/ya-practicum-diplom/internal/app/client/card/testHelpers.go:25.2,28.12 3 1
github.com/MagicNetLab/ya-practicum-diplom/internal/app/client/card/testHelpers.go:28.12,31.17 3 1
github.com/MagicNetLab/ya-practicum-diplom/internal/app/client/card/testHelpers.go:31.17,32.14 1 0
github.com/MagicNetLab/ya-practicum-diplom/internal/app/client/card/testHelpers.go:34.3,34.23 1 1
github.com/MagicNetLab/ya-practicum-diplom/internal/app/client/card/testHelpers.go:37.2,41.15 4 1
github.com/MagicNetLab/ya-practicum-diplom/internal/app/client/card/testHelpers.go:45.51,48.16 3 1
github.com/MagicNetLab/ya-practicum-diplom/internal/app/client/card/testHelpers.go:48.16,50.3 1 0
github.com/MagicNetLab/ya-practicum-diplom/internal/app/client/card/testHelpers.go:52.2,53.16 2 1
github.com/MagicNetLab/ya-practicum-diplom/internal/app/client/card/testHelpers.go:53.16,55.3 1 0
github.com/MagicNetLab/ya-practicum-diplom/internal/app/client/card/testHelpers.go:56.2,60.16 3 1
github.com/MagicNetLab/ya-practicum-diplom/internal/app/client/card/testHelpers.go:60.16,62.3 1 1
github.com/MagicNetLab/ya-practicum-diplom/internal/logger/args.go:13.44,15.2 1 0
github.com/MagicNetLab/ya-practicum-diplom/internal/logger/args.go:18.41,20.2 1 0
github.com/MagicNetLab/ya-practicum-diplom/internal/logger/args.go:23.60,25.2 1 0
github.com/MagicNetLab/ya-practicum-diplom/internal/logger/logger.go:14.19,38.2 4 0
github.com/MagicNetLab/ya-practicum-diplom/internal/logger/logger.go:41.39,43.2 1 0
github.com/MagicNetLab/ya-practicum-diplom/internal/logger/logger.go:46.40,48.2 1 0
github.com/MagicNetLab/ya-practicum-diplom/internal/logger/logger.go:51.40,53.2 1 0
github.com/MagicNetLab/ya-practicum-diplom/internal/logger/logger.go:56.40,58.2 1 0
github.com/MagicNetLab/ya-practicum-diplom/internal/logger/logger.go:61.39,63.2 1 0
github.com/MagicNetLab/ya-practicum-diplom/internal/logger/logger.go:66.20,68.2 1 0
github.com/MagicNetLab/ya-practicum-diplom/internal/logger/logger.go:71.52,73.27 2 0
github.com/MagicNetLab/ya-practicum-diplom/internal/logger/logger.go:73.27,74.22 1 0
github.com/MagicNetLab/ya-practicum-diplom/internal/logger/logger.go:75.17,76.71 1 0
github.com/MagicNetLab/ya-practicum-diplom/internal/logger/logger.go:77.14,78.65 1 0
github.com/MagicNetLab/ya-practicum-diplom/internal/logger/logger.go:79.19,80.80 1 0
github.com/MagicNetLab/ya-practicum-diplom/internal/logger/logger.go:84.2,84.16 1 0
github.com/MagicNetLab/ya-practicum-diplom/internal/app/client/note/add.go:19.87,21.16 2 0
github.com/MagicNetLab/ya-practicum-diplom/internal/app/client/note/add.go:21.16,24.3 2 0
github.com/MagicNetLab/ya-practicum-diplom/internal/app/client/note/add.go:26.2,41.6 13 0
github.com/MagicNetLab/ya-practicum-diplom/internal/app/client/note/add.go:41.6,44.22 3 0
github.com/MagicNetLab/ya-practicum-diplom/internal/app/client/note/add.go:44.22,45.9 1 0
github.com/MagicNetLab/ya-practicum-diplom/internal/app/client/note/add.go:47.3,47.33 1 0
github.com/MagicNetLab/ya-practicum-diplom/internal/app/client/note/add.go:49.2,59.16 5 0
github.com/MagicNetLab/ya-practicum-diplom/internal/app/client/note/add.go:59.16,60.58 1 0
github.com/MagicNetLab/ya-practicum-diplom/internal/app/client/note/add.go:60.58,64.4 3 0
github.com/MagicNetLab/ya-practicum-diplom/internal/app/client/note/add.go:65.3,66.13 2 0
github.com/MagicNetLab/ya-practicum-diplom/internal/app/client/note/add.go:69.2,71.12 2 0
github.com/MagicNetLab/ya-practicum-diplom/internal/app/client/note/cli.go:18.71,20.16 2 0
github.com/MagicNetLab/ya-practicum-diplom/internal/app/client/note/cli.go:20.16,22.3 1 0
github.com/MagicNetLab/ya-practicum-diplom/internal/app/client/note/cli.go:24.2,26.16 3 0
github.com/MagicNetLab/ya-practicum-diplom/internal/app/client/note/cli.go:26.16,28.3 1 0
github.com/MagicNetLab/ya-practicum-diplom/internal/app/client/note/cli.go:29.2,39.64 2 0
github.com/MagicNetLab/ya-practicum-diplom/internal/app/client/note/cli.go:39.64,41.7 1 0
github.com/MagicNetLab/ya-practicum-diplom/internal/app/client/note/cli.go:47.64,49.7 1 0
github.com/MagicNetLab/ya-practicum-diplom/internal/app/client/note/cli.go:55.64,57.7 1 0
github.com/MagicNetLab/ya-practicum-diplom/internal/app/client/note/cli.go:63.64,65.7 1 0
github.com/MagicNetLab/ya-practicum-diplom/internal/app/client/note/cli.go:71.64,73.7 1 0
github.com/MagicNetLab/ya-practicum-diplom/internal/app/client/note/info.go:17.90,19.16 2 1
github.com/MagicNetLab/ya-practicum-diplom/internal/app/client/note/info.go:19.16,22.3 2 1
github.com/MagicNetLab/ya-practicum-diplom/internal/app/client/note/info.go:24.2,27.16 4 1
github.com/MagicNetLab/ya-practicum-diplom/internal/app/client/note/info.go:27.16,30.3 2 1
github.com/MagicNetLab/ya-practicum-diplom/internal/app/client/note/info.go:32.2,36.16 5 1
github.com/MagicNetLab/ya-practicum-diplom/internal/app/client/note/info.go:36.16,37.58 1 1
github.com/MagicNetLab/ya-practicum-diplom/internal/app/client/note/info.go:37.58,41.4 3 1
github.com/MagicNetLab/ya-practicum-diplom/internal/app/client/note/info.go:42.3,43.13 2 1
github.com/MagicNetLab/ya-practicum-diplom/internal/app/client/note/info.go:45.2,52.12 6 1
github.com/MagicNetLab/ya-practicum-diplom/internal/app/client/note/list.go:18.88,20.16 2 1
github.com/MagicNetLab/ya-practicum-diplom/internal/app/client/note/list.go:20.16,23.3 2 1
github.com/MagicNetLab/ya-practicum-diplom/internal/app/client/note/list.go:25.2,29.16 4 1
github.com/MagicNetLab/ya-practicum-diplom/internal/app/client/note/list.go:29.16,30.58 1 1
github.com/MagicNetLab/ya-practicum-diplom/internal/app/client/note/list.go:30.58,34.4 3 1
github.com/MagicNetLab/ya-practicum-diplom/internal/app/client/note/list.go:36.3,37.13 2 1
github.com/MagicNetLab/ya-practicum-diplom/internal/app/client/note/list.go:40.2,40.31 1 1
github.com/MagicNetLab/ya-practicum-diplom/internal/app/client/note/list.go:40.31,43.3 2 1
github.com/MagicNetLab/ya-practicum-diplom/internal/app/client/note/list.go:45.2,46.36 2 1
github.com/MagicNetLab/ya-practicum-diplom/internal/app/client/note/list.go:46.36,50.38 4 1
github.com/MagicNetLab/ya-practicum-diplom/internal/app/client/note/list.go:50.38,52.4 1 0
github.com/MagicNetLab/ya-practicum-diplom/internal/app/client/note/list.go:53.3,53.41 1 1
github.com/MagicNetLab/ya-practicum-diplom/internal/app/client/note/list.go:53.41,55.4 1 0
github.com/MagicNetLab/ya-practicum-diplom/internal/app/client/note/list.go:56.3,56.40 1 1
github.com/MagicNetLab/ya-practicum-diplom/internal/app/client/note/list.go:56.40,58.4 1 0
github.com/MagicNetLab/ya-practicum-diplom/internal/app/client/note/list.go:59.3,59.78 1 1
github.com/MagicNetLab/ya-practicum-diplom/internal/app/client/note/list.go:62.2,62.12 1 1
github.com/MagicNetLab/ya-practicum-diplom/internal/app/client/note/rm.go:17.90,19.16 2 1
github.com/MagicNetLab/ya-practicum-diplom/internal/app/client/note/rm.go:19.16,22.3 2 1
github.com/MagicNetLab/ya-practicum-diplom/internal/app/client/note/rm.go:24.2,27.16 4 1
github.com/MagicNetLab/ya-practicum-diplom/internal/app/client/note/rm.go:27.16,30.3 2 1
github.com/MagicNetLab/ya-practicum-diplom/internal/app/client/note/rm.go:32.2,36.16 5 1
github.com/MagicNetLab/ya-practicum-diplom/internal/app/client/note/rm.go:36.16,37.58 1 1
github.com/MagicNetLab/ya-practicum-diplom/internal/app/client/note/rm.go:37.58,41.4 3 1
github.com/MagicNetLab/ya-practicum-diplom/internal/app/client/note/rm.go:43.3,44.13 2 1
github.com/MagicNetLab/ya-practicum-diplom/internal/app/client/note/rm.go:47.2,49.12 2 1
github.com/MagicNetLab/ya-practicum-diplom/internal/app/client/note/search.go:20.90,22.16 2 1
github.com/MagicNetLab/ya-practicum-diplom/internal/app/client/note/search.go:22.16,25.3 2 1
github.com/MagicNetLab/ya-practicum-diplom/internal/app/client/note/search.go:27.2,36.16 9 1
github.com/MagicNetLab/ya-practicum-diplom/internal/app/client/note/search.go:36.16,37.58 1 1
github.com/MagicNetLab/ya-practicum-diplom/internal/app/client/note/search.go:37.58,41.4 3 1
github.com/MagicNetLab/ya-practicum-diplom/internal/app/client/note/search.go:43.3,44.13 2 1
github.com/MagicNetLab/ya-practicum-diplom/internal/app/client/note/search.go:47.2,47.31 1 1
github.com/MagicNetLab/ya-practicum-diplom/internal/app/client/note/search.go:47.31,50.3 2 1
github.com/MagicNetLab/ya-practicum-diplom/internal/app/client/note/search.go:52.2,53.36 2 1
github.com/MagicNetLab/ya-practicum-diplom/internal/app/client/note/search.go:53.36,57.38 4 1
github.com/MagicNetLab/ya-practicum-diplom/internal/app/client/note/search.go:57.38,59.4 1 0
github.com/MagicNetLab/ya-practicum-diplom/internal/app/client/note/search.go:60.3,60.41 1 1
github.com/MagicNetLab/ya-practicum-diplom/internal/app/client/note/search.go:60.41,62.4 1 0
github.com/MagicNetLab/ya-practicum-diplom/internal/app/client/note/search.go:63.3,63.40 1 1
github.com/MagicNetLab/ya-practicum-diplom/internal/app/client/note/search.go:63.40,65.4 1 0
github.com/MagicNetLab/ya-practicum-diplom/internal/app/client/note/search.go:66.3,66.78 1 1
github.com/MagicNetLab/ya-practicum-diplom/internal/app/client/note/search.go:69.2,69.12 1 1
github.com/MagicNetLab/ya-practicum-diplom/internal/app/client/note/testHelpers.go:14.33,16.2 1 1
github.com/MagicNetLab/ya-practicum-diplom/internal/app/client/note/testHelpers.go:19.43,22.16 3 1
github.com/MagicNetLab/ya-practicum-diplom/internal/app/client/note/testHelpers.go:22.16,23.13 1 0
github.com/MagicNetLab/ya-practicum-diplom/internal/app/client/note/testHelpers.go:25.2,28.12 3 1
github.com/MagicNetLab/ya-practicum-diplom/internal/app/client/note/testHelpers.go:28.12,31.17 3 1
github.com/MagicNetLab/ya-practicum-diplom/internal/app/client/note/testHelpers.go:31.17,32.14 1 0
github.com/MagicNetLab/ya-practicum-diplom/internal/app/client/note/testHelpers.go:34.3,34.23 1 1
github.com/MagicNetLab/ya-practicum-diplom/internal/app/client/note/testHelpers.go:37.2,41.15 4 1
github.com/MagicNetLab/ya-practicum-diplom/internal/app/client/note/testHelpers.go:45.51,48.16 3 1
github.com/MagicNetLab/ya-practicum-diplom/internal/app/client/note/testHelpers.go:48.16,50.3 1 0
github.com/MagicNetLab/ya-practicum-diplom/internal/app/client/note/testHelpers.go:52.2,53.16 2 1
github.com/MagicNetLab/ya-practicum-diplom/internal/app/client/note/testHelpers.go:53.16,55.3 1 0
github.com/MagicNetLab/ya-practicum-diplom/internal/app/client/note/testHelpers.go:56.2,60.16 3 1
github.com/MagicNetLab/ya-practicum-diplom/internal/app/client/note/testHelpers.go:60.16,62.3 1 1
github.com/MagicNetLab/ya-practicum-diplom/internal/logger/args.go:13.44,15.2 1 0
github.com/MagicNetLab/ya-practicum-diplom/internal/logger/args.go:18.41,20.2 1 0
github.com/MagicNetLab/ya-practicum-diplom/internal/logger/args.go:23.60,25.2 1 0
github.com/MagicNetLab/ya-practicum-diplom/internal/logger/logger.go:14.19,38.2 4 0
github.com/MagicNetLab/ya-practicum-diplom/internal/logger/logger.go:41.39,43.2 1 0
github.com/MagicNetLab/ya-practicum-diplom/internal/logger/logger.go:46.40,48.2 1 0
github.com/MagicNetLab/ya-practicum-diplom/internal/logger/logger.go:51.40,53.2 1 0
github.com/MagicNetLab/ya-practicum-diplom/internal/logger/logger.go:56.40,58.2 1 0
github.com/MagicNetLab/ya-practicum-diplom/internal/logger/logger.go:61.39,63.2 1 0
github.com/MagicNetLab/ya-practicum-diplom/internal/logger/logger.go:66.20,68.2 1 0
github.com/MagicNetLab/ya-practicum-diplom/internal/logger/logger.go:71.52,73.27 2 0
github.com/MagicNetLab/ya-practicum-diplom/internal/logger/logger.go:73.27,74.22 1 0
github.com/MagicNetLab/ya-practicum-diplom/internal/logger/logger.go:75.17,76.71 1 0
github.com/MagicNetLab/ya-practicum-diplom/internal/logger/logger.go:77.14,78.65 1 0
github.com/MagicNetLab/ya-practicum-diplom/internal/logger/logger.go:79.19,80.80 1 0
github.com/MagicNetLab/ya-practicum-diplom/internal/logger/logger.go:84.2,84.16 1 0
github.com/MagicNetLab/ya-practicum-diplom/internal/logger/args.go:13.44,15.2 1 0
github.com/MagicNetLab/ya-practicum-diplom/internal/logger/args.go:18.41,20.2 1 0
github.com/MagicNetLab/ya-practicum-diplom/internal/logger/args.go:23.60,25.2 1 0
github.com/MagicNetLab/ya-practicum-diplom/internal/logger/logger.go:14.19,38.2 4 0
github.com/MagicNetLab/ya-practicum-diplom/internal/logger/logger.go:41.39,43.2 1 0
github.com/MagicNetLab/ya-practicum-diplom/internal/logger/logger.go:46.40,48.2 1 0
github.com/MagicNetLab/ya-practicum-diplom/internal/logger/logger.go:51.40,53.2 1 0
github.com/MagicNetLab/ya-practicum-diplom/internal/logger/logger.go:56.40,58.2 1 0
github.com/MagicNetLab/ya-practicum-diplom/internal/logger/logger.go:61.39,63.2 1 0
github.com/MagicNetLab/ya-practicum-diplom/internal/logger/logger.go:66.20,68.2 1 0
github.com/MagicNetLab/ya-practicum-diplom/internal/logger/logger.go:71.52,73.27 2 0
github.com/MagicNetLab/ya-practicum-diplom/internal/logger/logger.go:73.27,74.22 1 0
github.com/MagicNetLab/ya-practicum-diplom/internal/logger/logger.go:75.17,76.71 1 0
github.com/MagicNetLab/ya-practicum-diplom/internal/logger/logger.go:77.14,78.65 1 0
github.com/MagicNetLab/ya-practicum-diplom/internal/logger/logger.go:79.19,80.80 1 0
github.com/MagicNetLab/ya-practicum-diplom/internal/logger/logger.go:84.2,84.16 1 0
github.com/MagicNetLab/ya-practicum-diplom/internal/app/client/file/add.go:19.88,21.16 2 1
github.com/MagicNetLab/ya-practicum-diplom/internal/app/client/file/add.go:21.16,24.3 2 1
github.com/MagicNetLab/ya-practicum-diplom/internal/app/client/file/add.go:26.2,30.16 4 1
github.com/MagicNetLab/ya-practicum-diplom/internal/app/client/file/add.go:30.16,33.3 2 0
github.com/MagicNetLab/ya-practicum-diplom/internal/app/client/file/add.go:35.2,35.33 1 1
github.com/MagicNetLab/ya-practicum-diplom/internal/app/client/file/add.go:35.33,38.3 2 0
github.com/MagicNetLab/ya-practicum-diplom/internal/app/client/file/add.go:40.2,41.16 2 1
github.com/MagicNetLab/ya-practicum-diplom/internal/app/client/file/add.go:41.16,42.25 1 1
github.com/MagicNetLab/ya-practicum-diplom/internal/app/client/file/add.go:42.25,45.4 2 1
github.com/MagicNetLab/ya-practicum-diplom/internal/app/client/file/add.go:47.3,48.13 2 0
github.com/MagicNetLab/ya-practicum-diplom/internal/app/client/file/add.go:51.2,57.19 6 1
github.com/MagicNetLab/ya-practicum-diplom/internal/app/client/file/add.go:57.19,59.3 1 1
github.com/MagicNetLab/ya-practicum-diplom/internal/app/client/file/add.go:61.2,67.16 6 1
github.com/MagicNetLab/ya-practicum-diplom/internal/app/client/file/add.go:67.16,69.3 1 0
github.com/MagicNetLab/ya-practicum-diplom/internal/app/client/file/add.go:71.2,80.16 5 1
github.com/MagicNetLab/ya-practicum-diplom/internal/app/client/file/add.go:80.16,81.58 1 1
github.com/MagicNetLab/ya-practicum-diplom/internal/app/client/file/add.go:81.58,85.4 3 1
github.com/MagicNetLab/ya-practicum-diplom/internal/app/client/file/add.go:87.3,88.13 2 1
github.com/MagicNetLab/ya-practicum-diplom/internal/app/client/file/add.go:91.2,93.12 2 1
github.com/MagicNetLab/ya-practicum-diplom/internal/app/client/file/cli.go:18.71,20.16 2 0
github.com/MagicNetLab/ya-practicum-diplom/internal/app/client/file/cli.go:20.16,22.3 1 0
github.com/MagicNetLab/ya-practicum-diplom/internal/app/client/file/cli.go:24.2,26.16 3 0
github.com/MagicNetLab/ya-practicum-diplom/internal/app/client/file/cli.go:26.16,28.3 1 0
github.com/MagicNetLab/ya-practicum-diplom/internal/app/client/file/cli.go:29.2,39.64 2 0
github.com/MagicNetLab/ya-practicum-diplom/internal/app/client/file/cli.go:39.64,41.7 1 0
github.com/MagicNetLab/ya-practicum-diplom/internal/app/client/file/cli.go:47.64,49.7 1 0
github.com/MagicNetLab/ya-practicum-diplom/internal/app/client/file/cli.go:55.64,57.7 1 0
github.com/MagicNetLab/ya-practicum-diplom/internal/app/client/file/cli.go:63.64,65.7 1 0
github.com/MagicNetLab/ya-practicum-diplom/internal/app/client/file/cli.go:71.64,73.7 1 0
github.com/MagicNetLab/ya-practicum-diplom/internal/app/client/file/download.go:18.93,20.16 2 1
github.com/MagicNetLab/ya-practicum-diplom/internal/app/client/file/download.go:20.16,23.3 2 1
github.com/MagicNetLab/ya-practicum-diplom/internal/app/client/file/download.go:25.2,28.16 4 1
github.com/MagicNetLab/ya-practicum-diplom/internal/app/client/file/download.go:28.16,31.3 2 1
github.com/MagicNetLab/ya-practicum-diplom/internal/app/client/file/download.go:33.2,40.16 7 1
github.com/MagicNetLab/ya-practicum-diplom/internal/app/client/file/download.go:40.16,41.58 1 1
github.com/MagicNetLab/ya-practicum-diplom/internal/app/client/file/download.go:41.58,45.4 3 1
github.com/MagicNetLab/ya-practicum-diplom/internal/app/client/file/download.go:47.3,48.13 2 1
github.com/MagicNetLab/ya-practicum-diplom/internal/app/client/file/download.go:51.2,53.16 3 1
github.com/MagicNetLab/ya-practicum-diplom/internal/app/client/file/download.go:53.16,56.3 2 1
github.com/MagicNetLab/ya-practicum-diplom/internal/app/client/file/download.go:57.2,61.16 4 1
github.com/MagicNetLab/ya-practicum-diplom/internal/app/client/file/download.go:61.16,64.3 2 0
github.com/MagicNetLab/ya-practicum-diplom/internal/app/client/file/download.go:66.2,67.16 2 1
github.com/MagicNetLab/ya-practicum-diplom/internal/app/client/file/download.go:67.16,70.3 2 0
github.com/MagicNetLab/ya-practicum-diplom/internal/app/client/file/download.go:72.2,74.12 2 1
github.com/MagicNetLab/ya-practicum-diplom/internal/app/client/file/list.go:17.89,19.16 2 1
github.com/MagicNetLab/ya-practicum-diplom/internal/app/client/file/list.go:19.16,22.3 2 1
github.com/MagicNetLab/ya-practicum-diplom/internal/app/client/file/list.go:24.2,28.16 5 1
github.com/MagicNetLab/ya-practicum-diplom/internal/app/client/file/list.go:28.16,29.58 1 1
github.com/MagicNetLab/ya-practicum-diplom/internal/app/client/file/list.go:29.58,33.4 3 1
github.com/MagicNetLab/ya-practicum-diplom/internal/app/client/file/list.go:35.3,36.13 2 1
github.com/MagicNetLab/ya-practicum-diplom/internal/app/client/file/list.go:39.2,39.25 1 1
github.com/MagicNetLab/ya-practicum-diplom/internal/app/client/file/list.go:39.25,42.3 2 1
github.com/MagicNetLab/ya-practicum-diplom/internal/app/client/file/list.go:44.2,45.30 2 1
github.com/MagicNetLab/ya-practicum-diplom/internal/app/client/file/list.go:45.30,47.3 1 1
github.com/MagicNetLab/ya-practicum-diplom/internal/app/client/file/list.go:49.2,49.12 1 1
github.com/MagicNetLab/ya-practicum-diplom/internal/app/client/file/rm.go:17.91,19.16 2 1
github.com/MagicNetLab/ya-practicum-diplom/internal/app/client/file/rm.go:19.16,23.3 2 1
github.com/MagicNetLab/ya-practicum-diplom/internal/app/client/file/rm.go:25.2,28.16 4 1
github.com/MagicNetLab/ya-practicum-diplom/internal/app/client/file/rm.go:28.16,31.3 2 1
github.com/MagicNetLab/ya-practicum-diplom/internal/app/client/file/rm.go:33.2,37.16 5 1
github.com/MagicNetLab/ya-practicum-diplom/internal/app/client/file/rm.go:37.16,38.58 1 1
github.com/MagicNetLab/ya-practicum-diplom/internal/app/client/file/rm.go:38.58,43.4 3 1
github.com/MagicNetLab/ya-practicum-diplom/internal/app/client/file/rm.go:45.3,47.13 2 1
github.com/MagicNetLab/ya-practicum-diplom/internal/app/client/file/rm.go:50.2,52.12 2 1
github.com/MagicNetLab/ya-practicum-diplom/internal/app/client/file/search.go:19.91,21.16 2 1
github.com/MagicNetLab/ya-practicum-diplom/internal/app/client/file/search.go:21.16,24.3 2 1
github.com/MagicNetLab/ya-practicum-diplom/internal/app/client/file/search.go:26.2,35.16 9 1
github.com/MagicNetLab/ya-practicum-diplom/internal/app/client/file/search.go:35.16,36.58 1 1
github.com/MagicNetLab/ya-practicum-diplom/internal/app/client/file/search.go:36.58,40.4 3 1
github.com/MagicNetLab/ya-practicum-diplom/internal/app/client/file/search.go:42.3,43.13 2 1
github.com/MagicNetLab/ya-practicum-diplom/internal/app/client/file/search.go:46.2,46.26 1 1
github.com/MagicNetLab/ya-practicum-diplom/internal/app/client/file/search.go:46.26,49.3 2 1
github.com/MagicNetLab/ya-practicum-diplom/internal/app/client/file/search.go:51.2,52.31 2 1
github.com/MagicNetLab/ya-practicum-diplom/internal/app/client/file/search.go:52.31,54.3 1 1
github.com/MagicNetLab/ya-practicum-diplom/internal/app/client/file/search.go:56.2,56.12 1 1
github.com/MagicNetLab/ya-practicum-diplom/internal/app/client/file/testHelpers.go:14.33,16.2 1 1
github.com/MagicNetLab/ya-practicum-diplom/internal/app/client/file/testHelpers.go:19.43,22.16 3 1
github.com/MagicNetLab/ya-practicum-diplom/internal/app/client/file/testHelpers.go:22.16,23.13 1 0
github.com/MagicNetLab/ya-practicum-diplom/internal/app/client/file/testHelpers.go:25.2,28.12 3 1
github.com/MagicNetLab/ya-practicum-diplom/internal/app/client/file/testHelpers.go:28.12,31.17 3 1
github.com/MagicNetLab/ya-practicum-diplom/internal/app/client/file/testHelpers.go:31.17,32.14 1 0
github.com/MagicNetLab/ya-practicum-diplom/internal/app/client/file/testHelpers.go:34.3,34.23 1 1
github.com/MagicNetLab/ya-practicum-diplom/internal/app/client/file/testHelpers.go:37.2,41.15 4 1
github.com/MagicNetLab/ya-practicum-diplom/internal/app/client/file/testHelpers.go:45.51,48.16 3 1
github.com/MagicNetLab/ya-practicum-diplom/internal/app/client/file/testHelpers.go:48.16,50.3 1 0
github.com/MagicNetLab/ya-practicum-diplom/internal/app/client/file/testHelpers.go:52.2,53.16 2 1
github.com/MagicNetLab/ya-practicum-diplom/internal/app/client/file/testHelpers.go:53.16,55.3 1 0
github.com/MagicNetLab/ya-practicum-diplom/internal/app/client/file/testHelpers.go:56.2,60.16 3 1
github.com/MagicNetLab/ya-practicum-diplom/internal/app/client/file/testHelpers.go:60.16,62.3 1 1
github.com/MagicNetLab/ya-practicum-diplom/internal/logger/args.go:13.44,15.2 1 0
github.com/MagicNetLab/ya-practicum-diplom/internal/logger/args.go:18.41,20.2 1 0
github.com/MagicNetLab/ya-practicum-diplom/internal/logger/args.go:23.60,25.2 1 0
github.com/MagicNetLab/ya-practicum-diplom/internal/logger/logger.go:14.19,38.2 4 0
github.com/MagicNetLab/ya-practicum-diplom/internal/logger/logger.go:41.39,43.2 1 0
github.com/MagicNetLab/ya-practicum-diplom/internal/logger/logger.go:46.40,48.2 1 0
github.com/MagicNetLab/ya-practicum-diplom/internal/logger/logger.go:51.40,53.2 1 0
github.com/MagicNetLab/ya-practicum-diplom/internal/logger/logger.go:56.40,58.2 1 0
github.com/MagicNetLab/ya-practicum-diplom/internal/logger/logger.go:61.39,63.2 1 0
github.com/MagicNetLab/ya-practicum-diplom/internal/logger/logger.go:66.20,68.2 1 0
github.com/MagicNetLab/ya-practicum-diplom/internal/logger/logger.go:71.52,73.27 2 0
github.com/MagicNetLab/ya-practicum-diplom/internal/logger/logger.go:73.27,74.22 1 0
github.com/MagicNetLab/ya-practicum-diplom/internal/logger/logger.go:75.17,76.71 1 0
github.com/MagicNetLab/ya-practicum-diplom/internal/logger/logger.go:77.14,78.65 1 0
github.com/MagicNetLab/ya-practicum-diplom/internal/logger/logger.go:79.19,80.80 1 0
github.com/MagicNetLab/ya-practicum-diplom/internal/logger/logger.go:84.2,84.16 1 0
github.com/MagicNetLab/ya-practicum-diplom/internal/config/readers/config.go:44.38,46.55 2 1
github.com/MagicNetLab/ya-practicum-diplom/internal/config/readers/config.go:46.55,48.3 1 1
github.com/MagicNetLab/ya-practicum-diplom/internal/config/readers/config.go:50.2,50.59 1 1
github.com/MagicNetLab/ya-practicum-diplom/internal/config/readers/config.go:50.59,52.3 1 0
github.com/MagicNetLab/ya-practicum-diplom/internal/config/readers/config.go:54.2,54.12 1 1
github.com/MagicNetLab/ya-practicum-diplom/internal/config/readers/config.go:58.56,59.25 1 1
github.com/MagicNetLab/ya-practicum-diplom/internal/config/readers/config.go:59.25,61.3 1 1
github.com/MagicNetLab/ya-practicum-diplom/internal/config/readers/config.go:62.2,62.27 1 1
github.com/MagicNetLab/ya-practicum-diplom/internal/config/readers/config.go:66.56,67.25 1 1
github.com/MagicNetLab/ya-practicum-diplom/internal/config/readers/config.go:67.25,69.3 1 1
github.com/MagicNetLab/ya-practicum-diplom/internal/config/readers/config.go:70.2,70.27 1 1
github.com/MagicNetLab/ya-practicum-diplom/internal/config/readers/config.go:74.56,75.25 1 1
github.com/MagicNetLab/ya-practicum-diplom/internal/config/readers/config.go:75.25,77.3 1 1
github.com/MagicNetLab/ya-practicum-diplom/internal/config/readers/config.go:78.2,78.27 1 1
github.com/MagicNetLab/ya-practicum-diplom/internal/config/readers/config.go:82.57,83.26 1 1
github.com/MagicNetLab/ya-practicum-diplom/internal/config/readers/config.go:83.26,85.3 1 1
github.com/MagicNetLab/ya-practicum-diplom/internal/config/readers/config.go:86.2,86.28 1 1
github.com/MagicNetLab/ya-practicum-diplom/internal/config/readers/config.go:90.57,91.26 1 1
github.com/MagicNetLab/ya-practicum-diplom/internal/config/readers/config.go:91.26,93.3 1 1
github.com/MagicNetLab/ya-practicum-diplom/internal/config/readers/config.go:94.2,94.28 1 1
github.com/MagicNetLab/ya-practicum-diplom/internal/config/readers/config.go:98.58,99.23 1 1
github.com/MagicNetLab/ya-practicum-diplom/internal/config/readers/config.go:99.23,101.3 1 1
github.com/MagicNetLab/ya-practicum-diplom/internal/config/readers/config.go:102.2,102.25 1 1
github.com/MagicNetLab/ya-practicum-diplom/internal/config/readers/config.go:106.52,107.21 1 1
github.com/MagicNetLab/ya-practicum-diplom/internal/config/readers/config.go:107.21,109.3 1 1
github.com/MagicNetLab/ya-practicum-diplom/internal/config/readers/config.go:110.2,110.23 1 1
github.com/MagicNetLab/ya-practicum-diplom/internal/config/readers/config.go:114.52,115.21 1 1
github.com/MagicNetLab/ya-practicum-diplom/internal/config/readers/config.go:115.21,117.3 1 1
github.com/MagicNetLab/ya-practicum-diplom/internal/config/readers/config.go:118.2,118.23 1 1
github.com/MagicNetLab/ya-practicum-diplom/internal/config/readers/config.go:122.52,123.21 1 1
github.com/MagicNetLab/ya-practicum-diplom/internal/config/readers/config.go:123.21,125.3 1 1
github.com/MagicNetLab/ya-practicum-diplom/internal/config/readers/config.go:126.2,126.23 1 1
github.com/MagicNetLab/ya-practicum-diplom/internal/config/readers/config.go:130.56,131.25 1 1
github.com/MagicNetLab/ya-practicum-diplom/internal/config/readers/config.go:131.25,133.3 1 1
github.com/MagicNetLab/ya-practicum-diplom/internal/config/readers/config.go:134.2,134.27 1 1
github.com/MagicNetLab/ya-practicum-diplom/internal/config/readers/config.go:138.52,139.21 1 1
github.com/MagicNetLab/ya-practicum-diplom/internal/config/readers/config.go:139.21,141.3 1 1
github.com/MagicNetLab/ya-practicum-diplom/internal/config/readers/config.go:142.2,142.23 1 1
github.com/MagicNetLab/ya-practicum-diplom/internal/config/readers/config.go:146.55,147.24 1 1
github.com/MagicNetLab/ya-practicum-diplom/internal/config/readers/config.go:147.24,149.3 1 1
github.com/MagicNetLab/ya-practicum-diplom/internal/config/readers/config.go:150.2,150.26 1 1
github.com/MagicNetLab/ya-practicum-diplom/internal/config/readers/config.go:154.55,155.24 1 1
github.com/MagicNetLab/ya-practicum-diplom/internal/config/readers/config.go:155.24,157.3 1 1
github.com/MagicNetLab/ya-practicum-diplom/internal/config/readers/config.go:158.2,158.26 1 1
github.com/MagicNetLab/ya-practicum-diplom/internal/config/readers/config.go:162.62,163.31 1 1
github.com/MagicNetLab/ya-practicum-diplom/internal/config/readers/config.go:163.31,165.3 1 1
github.com/MagicNetLab/ya-practicum-diplom/internal/config/readers/config.go:166.2,166.33 1 1
github.com/MagicNetLab/ya-practicum-diplom/internal/config/readers/config.go:170.69,171.38 1 1
github.com/MagicNetLab/ya-practicum-diplom/internal/config/readers/config.go:171.38,173.3 1 1
github.com/MagicNetLab/ya-practicum-diplom/internal/config/readers/config.go:174.2,174.40 1 1
github.com/MagicNetLab/ya-practicum-diplom/internal/config/readers/config.go:177.56,178.24 1 1
github.com/MagicNetLab/ya-practicum-diplom/internal/config/readers/config.go:178.24,180.3 1 1
github.com/MagicNetLab/ya-practicum-diplom/internal/config/readers/config.go:181.2,181.26 1 1
github.com/MagicNetLab/ya-practicum-diplom/internal/config/readers/default.go:27.39,46.2 17 1
github.com/MagicNetLab/ya-practicum-diplom/internal/config/readers/default.go:49.57,50.24 1 1
github.com/MagicNetLab/ya-practicum-diplom/internal/config/readers/default.go:50.24,52.3 1 1
github.com/MagicNetLab/ya-practicum-diplom/internal/config/readers/default.go:53.2,53.26 1 1
github.com/MagicNetLab/ya-practicum-diplom/internal/config/readers/default.go:57.57,58.24 1 1
github.com/MagicNetLab/ya-practicum-diplom/internal/config/readers/default.go:58.24,60.3 1 1
github.com/MagicNetLab/ya-practicum-diplom/internal/config/readers/default.go:61.2,61.26 1 1
github.com/MagicNetLab/ya-practicum-diplom/internal/config/readers/default.go:65.57,66.24 1 1
github.com/MagicNetLab/ya-practicum-diplom/internal/config/readers/default.go:66.24,68.3 1 1
github.com/MagicNetLab/ya-practicum-diplom/internal/config/readers/default.go:69.2,69.26 1 1
github.com/MagicNetLab/ya-practicum-diplom/internal/config/readers/default.go:73.58,74.25 1 1
github.com/MagicNetLab/ya-practicum-diplom/internal/config/readers/default.go:74.25,76.3 1 1
github.com/MagicNetLab/ya-practicum-diplom/internal/config/readers/default.go:77.2,77.27 1 1
github.com/MagicNetLab/ya-practicum-diplom/internal/config/readers/default.go:81.58,82.25 1 1
github.com/MagicNetLab/ya-practicum-diplom/internal/config/readers/default.go:82.25,84.3 1 1
github.com/MagicNetLab/ya-practicum-diplom/internal/config/readers/default.go:85.2,85.27 1 1
github.com/MagicNetLab/ya-practicum-diplom/internal/config/readers/default.go:89.59,90.22 1 1
github.com/MagicNetLab/ya-practicum-diplom/internal/config/readers/default.go:90.22,92.3 1 1
github.com/MagicNetLab/ya-practicum-diplom/internal/config/readers/default.go:93.2,93.24 1 1
github.com/MagicNetLab/ya-practicum-diplom/internal/config/readers/default.go:97.53,98.20 1 1
github.com/MagicNetLab/ya-practicum-diplom/internal/config/readers/default.go:98.20,100.3 1 1
github.com/MagicNetLab/ya-practicum-diplom/internal/config/readers/default.go:101.2,101.22 1 1
github.com/MagicNetLab/ya-practicum-diplom/internal/config/readers/default.go:105.53,106.20 1 1
github.com/MagicNetLab/ya-practicum-diplom/internal/config/readers/default.go:106.20,108.3 1 1
github.com/MagicNetLab/ya-practicum-diplom/internal/config/readers/default.go:109.2,109.22 1 1
github.com/MagicNetLab/ya-practicum-diplom/internal/config/readers/default.go:113.53,114.20 1 1
github.com/MagicNetLab/ya-practicum-diplom/internal/config/readers/default.go:114.20,116.3 1 1
github.com/MagicNetLab/ya-practicum-diplom/internal/config/readers/default.go:117.2,117.22 1 1
github.com/MagicNetLab/ya-practicum-diplom/internal/config/readers/default.go:121.57,122.24 1 1
github.com/MagicNetLab/ya-practicum-diplom/internal/config/readers/default.go:122.24,124.3 1 1
github.com/MagicNetLab/ya-practicum-diplom/internal/config/readers/default.go:125.2,125.26 1 1
github.com/MagicNetLab/ya-practicum-diplom/internal/config/readers/default.go:129.53,130.20 1 1
github.com/MagicNetLab/ya-practicum-diplom/internal/config/readers/default.go:130.20,132.3 1 1
github.com/MagicNetLab/ya-practicum-diplom/internal/config/readers/default.go:133.2,133.22 1 1
github.com/MagicNetLab/ya-practicum-diplom/internal/config/readers/default.go:137.56,138.23 1 1
github.com/MagicNetLab/ya-practicum-diplom/internal/config/readers/default.go:138.23,140.3 1 1
github.com/MagicNetLab/ya-practicum-diplom/internal/config/readers/default.go:141.2,141.25 1 1
github.com/MagicNetLab/ya-practicum-diplom/internal/config/readers/default.go:145.56,146.23 1 1
github.com/MagicNetLab/ya-practicum-diplom/internal/config/readers/default.go:146.23,148.3 1 1
github.com/MagicNetLab/ya-practicum-diplom/internal/config/readers/default.go:149.2,149.25 1 1
github.com/MagicNetLab/ya-practicum-diplom/internal/config/readers/default.go:153.63,154.30 1 1
github.com/MagicNetLab/ya-practicum-diplom/internal/config/readers/default.go:154.30,156.3 1 1
github.com/MagicNetLab/ya-practicum-diplom/internal/config/readers/default.go:157.2,157.32 1 1
github.com/MagicNetLab/ya-practicum-diplom/internal/config/readers/default.go:161.70,162.37 1 1
github.com/MagicNetLab/ya-practicum-diplom/internal/config/readers/default.go:162.37,164.3 1 1
github.com/MagicNetLab/ya-practicum-diplom/internal/config/readers/default.go:165.2,165.39 1 1
github.com/MagicNetLab/ya-practicum-diplom/internal/config/readers/default.go:169.57,170.24 1 1
github.com/MagicNetLab/ya-practicum-diplom/internal/config/readers/default.go:170.24,172.3 1 1
github.com/MagicNetLab/ya-practicum-diplom/internal/config/readers/default.go:173.2,173.26 1 1
github.com/MagicNetLab/ya-practicum-diplom/internal/config/readers/flags.go:47.36,77.22 23 1
github.com/MagicNetLab/ya-practicum-diplom/internal/config/readers/flags.go:77.22,79.3 1 1
github.com/MagicNetLab/ya-practicum-diplom/internal/config/readers/flags.go:81.2,81.22 1 1
github.com/MagicNetLab/ya-practicum-diplom/internal/config/readers/flags.go:81.22,83.3 1 1
github.com/MagicNetLab/ya-practicum-diplom/internal/config/readers/flags.go:85.2,85.22 1 1
github.com/MagicNetLab/ya-practicum-diplom/internal/config/readers/flags.go:85.22,87.3 1 1
github.com/MagicNetLab/ya-practicum-diplom/internal/config/readers/flags.go:89.2,89.23 1 1
github.com/MagicNetLab/ya-practicum-diplom/internal/config/readers/flags.go:89.23,91.3 1 1
github.com/MagicNetLab/ya-practicum-diplom/internal/config/readers/flags.go:93.2,93.23 1 1
github.com/MagicNetLab/ya-practicum-diplom/internal/config/readers/flags.go:93.23,95.3 1 1
github.com/MagicNetLab/ya-practicum-diplom/internal/config/readers/flags.go:97.2,97.20 1 1
github.com/MagicNetLab/ya-practicum-diplom/internal/config/readers/flags.go:97.20,99.3 1 1
github.com/MagicNetLab/ya-practicum-diplom/internal/config/readers/flags.go:101.2,101.18 1 1
github.com/MagicNetLab/ya-practicum-diplom/internal/config/readers/flags.go:101.18,103.3 1 1
github.com/MagicNetLab/ya-practicum-diplom/internal/config/readers/flags.go:105.2,105.18 1 1
github.com/MagicNetLab/ya-practicum-diplom/internal/config/readers/flags.go:105.18,107.3 1 1
github.com/MagicNetLab/ya-practicum-diplom/internal/config/readers/flags.go:109.2,109.18 1 1
github.com/MagicNetLab/ya-practicum-diplom/internal/config/readers/flags.go:109.18,111.3 1 1
github.com/MagicNetLab/ya-practicum-diplom/internal/config/readers/flags.go:113.2,113.22 1 1
github.com/MagicNetLab/ya-practicum-diplom/internal/config/readers/flags.go:113.22,115.3 1 1
github.com/MagicNetLab/ya-practicum-diplom/internal/config/readers/flags.go:117.2,117.18 1 1
github.com/MagicNetLab/ya-practicum-diplom/internal/config/readers/flags.go:117.18,119.3 1 1
github.com/MagicNetLab/ya-practicum-diplom/internal/config/readers/flags.go:121.2,121.21 1 1
github.com/MagicNetLab/ya-practicum-diplom/internal/config/readers/flags.go:121.21,123.3 1 1
github.com/MagicNetLab/ya-practicum-diplom/internal/config/readers/flags.go:125.2,125.21 1 1
github.com/MagicNetLab/ya-practicum-diplom/internal/config/readers/flags.go:125.21,127.3 1 1
github.com/MagicNetLab/ya-practicum-diplom/internal/config/readers/flags.go:129.2,129.28 1 1
github.com/MagicNetLab/ya-practicum-diplom/internal/config/readers/flags.go:129.28,131.3 1 1
github.com/MagicNetLab/ya-practicum-diplom/internal/config/readers/flags.go:133.2,133.35 1 1
github.com/MagicNetLab/ya-practicum-diplom/internal/config/readers/flags.go:133.35,135.3 1 1
github.com/MagicNetLab/ya-practicum-diplom/internal/config/readers/flags.go:137.2,137.22 1 1
github.com/MagicNetLab/ya-practicum-diplom/internal/config/readers/flags.go:137.22,139.3 1 1
github.com/MagicNetLab/ya-practicum-diplom/internal/config/readers/flags.go:141.2,141.12 1 1
github.com/MagicNetLab/ya-practicum-diplom/internal/config/readers/flags.go:144.54,145.24 1 1
github.com/MagicNetLab/ya-practicum-diplom/internal/config/readers/flags.go:145.24,147.3 1 1
github.com/MagicNetLab/ya-practicum-diplom/internal/config/readers/flags.go:148.2,148.26 1 1
github.com/MagicNetLab/ya-practicum-diplom/internal/config/readers/flags.go:152.54,153.24 1 1
github.com/MagicNetLab/ya-practicum-diplom/internal/config/readers/flags.go:153.24,155.3 1 1
github.com/MagicNetLab/ya-practicum-diplom/internal/config/readers/flags.go:156.2,156.26 1 1
github.com/MagicNetLab/ya-practicum-diplom/internal/config/readers/flags.go:160.54,161.24 1 1
github.com/MagicNetLab/ya-practicum-diplom/internal/config/readers/flags.go:161.24,163.3 1 1
github.com/MagicNetLab/ya-practicum-diplom/internal/config/readers/flags.go:164.2,164.26 1 1
github.com/MagicNetLab/ya-practicum-diplom/internal/config/readers/flags.go:168.55,169.25 1 1
github.com/MagicNetLab/ya-practicum-diplom/internal/config/readers/flags.go:169.25,171.3 1 1
github.com/MagicNetLab/ya-practicum-diplom/internal/config/readers/flags.go:172.2,172.27 1 1
github.com/MagicNetLab/ya-practicum-diplom/internal/config/readers/flags.go:176.55,177.25 1 1
github.com/MagicNetLab/ya-practicum-diplom/internal/config/readers/flags.go:177.25,179.3 1 1
github.com/MagicNetLab/ya-practicum-diplom/internal/config/readers/flags.go:180.2,180.27 1 1
github.com/MagicNetLab/ya-practicum-diplom/internal/config/readers/flags.go:184.56,185.22 1 1
github.com/MagicNetLab/ya-practicum-diplom/internal/config/readers/flags.go:185.22,187.3 1 1
github.com/MagicNetLab/ya-practicum-diplom/internal/config/readers/flags.go:188.2,188.24 1 1
github.com/MagicNetLab/ya-practicum-diplom/internal/config/readers/flags.go:192.50,193.20 1 1
github.com/MagicNetLab/ya-practicum-diplom/internal/config/readers/flags.go:193.20,195.3 1 1
github.com/MagicNetLab/ya-practicum-diplom/internal/config/readers/flags.go:196.2,196.22 1 1
github.com/MagicNetLab/ya-practicum-diplom/internal/config/readers/flags.go:200.50,201.20 1 1
github.com/MagicNetLab/ya-practicum-diplom/internal/config/readers/flags.go:201.20,203.3 1 1
github.com/MagicNetLab/ya-practicum-diplom/internal/config/readers/flags.go:204.2,204.22 1 1
github.com/MagicNetLab/ya-practicum-diplom/internal/config/readers/flags.go:208.50,209.20 1 1
github.com/MagicNetLab/ya-practicum-diplom/internal/config/readers/flags.go:209.20,211.3 1 1
github.com/MagicNetLab/ya-practicum-diplom/internal/config/readers/flags.go:212.2,212.22 1 1
github.com/MagicNetLab/ya-practicum-diplom/internal/config/readers/flags.go:216.54,217.24 1 1
github.com/MagicNetLab/ya-practicum-diplom/internal/config/readers/flags.go:217.24,219.3 1 1
github.com/MagicNetLab/ya-practicum-diplom/internal/config/readers/flags.go:220.2,220.26 1 1
github.com/MagicNetLab/ya-practicum-diplom/internal/config/readers/flags.go:224.50,225.20 1 1
github.com/MagicNetLab/ya-practicum-diplom/internal/config/readers/flags.go:225.20,227.3 1 1
github.com/MagicNetLab/ya-practicum-diplom/internal/config/readers/flags.go:228.2,228.22 1 1
github.com/MagicNetLab/ya-practicum-diplom/internal/config/readers/flags.go:232.53,233.23 1 1
github.com/MagicNetLab/ya-practicum-diplom/internal/config/readers/flags.go:233.23,235.3 1 1
github.com/MagicNetLab/ya-practicum-diplom/internal/config/readers/flags.go:236.2,236.25 1 1
github.com/MagicNetLab/ya-practicum-diplom/internal/config/readers/flags.go:240.53,241.23 1 1
github.com/MagicNetLab/ya-practicum-diplom/internal/config/readers/flags.go:241.23,243.3 1 1
github.com/MagicNetLab/ya-practicum-diplom/internal/config/readers/flags.go:244.2,244.25 1 1
github.com/MagicNetLab/ya-practicum-diplom/internal/config/readers/flags.go:248.60,249.30 1 1
github.com/MagicNetLab/ya-practicum-diplom/internal/config/readers/flags.go:249.30,251.3 1 1
github.com/MagicNetLab/ya-practicum-diplom/internal/config/readers/flags.go:252.2,252.32 1 1
github.com/MagicNetLab/ya-practicum-diplom/internal/config/readers/flags.go:256.67,257.37 1 1
github.com/MagicNetLab/ya-practicum-diplom/internal/config/readers/flags.go:257.37,259.3 1 1
github.com/MagicNetLab/ya-practicum-diplom/internal/config/readers/flags.go:260.2,260.39 1 1
github.com/MagicNetLab/ya-practicum-diplom/internal/config/readers/flags.go:264.54,265.24 1 1
github.com/MagicNetLab/ya-practicum-diplom/internal/config/readers/flags.go:265.24,267.3 1 1
github.com/MagicNetLab/ya-practicum-diplom/internal/config/readers/flags.go:268.2,268.26 1 1
github.com/MagicNetLab/ya-practicum-diplom/internal/services/encryptor/encryptor.go:14.47,16.16 2 0
github.com/MagicNetLab/ya-practicum-diplom/internal/services/encryptor/encryptor.go:16.16,18.3 1 0
github.com/MagicNetLab/ya-practicum-diplom/internal/services/encryptor/encryptor.go:20.2,21.21 2 0
github.com/MagicNetLab/ya-practicum-diplom/internal/services/encryptor/encryptor.go:21.21,23.3 1 0
github.com/MagicNetLab/ya-practicum-diplom/internal/services/encryptor/encryptor.go:25.2,26.16 2 0
github.com/MagicNetLab/ya-practicum-diplom/internal/services/encryptor/encryptor.go:26.16,28.3 1 0
github.com/MagicNetLab/ya-practicum-diplom/internal/services/encryptor/encryptor.go:30.2,31.62 2 0
github.com/MagicNetLab/ya-practicum-diplom/internal/services/encryptor/encryptor.go:35.47,37.16 2 0
github.com/MagicNetLab/ya-practicum-diplom/internal/services/encryptor/encryptor.go:37.16,39.3 1 0
github.com/MagicNetLab/ya-practicum-diplom/internal/services/encryptor/encryptor.go:40.2,41.21 2 0
github.com/MagicNetLab/ya-practicum-diplom/internal/services/encryptor/encryptor.go:41.21,43.3 1 0
github.com/MagicNetLab/ya-practicum-diplom/internal/services/encryptor/encryptor.go:45.2,46.16 2 0
github.com/MagicNetLab/ya-practicum-diplom/internal/services/encryptor/encryptor.go:46.16,48.3 1 0
github.com/MagicNetLab/ya-practicum-diplom/internal/services/encryptor/encryptor.go:50.2,51.16 2 0
github.com/MagicNetLab/ya-practicum-diplom/internal/services/encryptor/encryptor.go:51.16,53.3 1 0
github.com/MagicNetLab/ya-practicum-diplom/internal/services/encryptor/encryptor.go:55.2,56.16 2 0
github.com/MagicNetLab/ya-practicum-diplom/internal/services/encryptor/encryptor.go:56.16,59.3 2 0
github.com/MagicNetLab/ya-practicum-diplom/internal/services/encryptor/encryptor.go:61.2,61.31 1 0
github.com/MagicNetLab/ya-practicum-diplom/internal/services/encryptor/encryptor.go:65.55,70.2 3 0
github.com/MagicNetLab/ya-practicum-diplom/internal/services/encryptor/encryptor.go:73.75,77.16 3 0
github.com/MagicNetLab/ya-practicum-diplom/internal/services/encryptor/encryptor.go:77.16,80.3 2 0
github.com/MagicNetLab/ya-practicum-diplom/internal/services/encryptor/encryptor.go:82.2,84.16 3 0
github.com/MagicNetLab/ya-practicum-diplom/internal/services/encryptor/encryptor.go:84.16,87.3 2 0
github.com/MagicNetLab/ya-practicum-diplom/internal/services/encryptor/encryptor.go:89.2,90.16 2 0
github.com/MagicNetLab/ya-practicum-diplom/internal/services/encryptor/encryptor.go:90.16,93.3 2 0
github.com/MagicNetLab/ya-practicum-diplom/internal/services/encryptor/encryptor.go:96.2,97.24 2 0
github.com/MagicNetLab/ya-practicum-diplom/internal/grpc/account/service.go:20.92,22.2 1 1
github.com/MagicNetLab/ya-practicum-diplom/internal/grpc/account/service.go:32.103,34.16 2 1
github.com/MagicNetLab/ya-practicum-diplom/internal/grpc/account/service.go:34.16,36.3 1 1
github.com/MagicNetLab/ya-practicum-diplom/internal/grpc/account/service.go:38.2,39.16 2 1
github.com/MagicNetLab/ya-practicum-diplom/internal/grpc/account/service.go:39.16,41.3 1 1
github.com/MagicNetLab/ya-practicum-diplom/internal/grpc/account/service.go:43.2,44.16 2 1
github.com/MagicNetLab/ya-practicum-diplom/internal/grpc/account/service.go:44.16,46.3 1 0
github.com/MagicNetLab/ya-practicum-diplom/internal/grpc/account/service.go:48.2,57.50 2 1
github.com/MagicNetLab/ya-practicum-diplom/internal/grpc/account/service.go:62.112,64.16 2 1
github.com/MagicNetLab/ya-practicum-diplom/internal/grpc/account/service.go:64.16,66.3 1 1
github.com/MagicNetLab/ya-practicum-diplom/internal/grpc/account/service.go:68.2,69.16 2 1
github.com/MagicNetLab/ya-practicum-diplom/internal/grpc/account/service.go:69.16,71.3 1 1
github.com/MagicNetLab/ya-practicum-diplom/internal/grpc/account/service.go:73.2,82.53 2 1
github.com/MagicNetLab/ya-practicum-diplom/internal/grpc/account/service.go:86.112,88.16 2 1
github.com/MagicNetLab/ya-practicum-diplom/internal/grpc/account/service.go:88.16,90.3 1 1
github.com/MagicNetLab/ya-practicum-diplom/internal/grpc/account/service.go:92.2,94.16 3 1
github.com/MagicNetLab/ya-practicum-diplom/internal/grpc/account/service.go:94.16,96.3 1 1
github.com/MagicNetLab/ya-practicum-diplom/internal/grpc/account/service.go:98.2,98.41 1 1
github.com/MagicNetLab/ya-practicum-diplom/internal/grpc/account/service.go:102.112,104.16 2 1
github.com/MagicNetLab/ya-practicum-diplom/internal/grpc/account/service.go:104.16,106.3 1 1
github.com/MagicNetLab/ya-practicum-diplom/internal/grpc/account/service.go:108.2,111.27 3 1
github.com/MagicNetLab/ya-practicum-diplom/internal/grpc/account/service.go:111.27,113.3 1 1
github.com/MagicNetLab/ya-practicum-diplom/internal/grpc/account/service.go:115.2,115.26 1 1
github.com/MagicNetLab/ya-practicum-diplom/internal/grpc/account/service.go:115.26,117.17 2 1
github.com/MagicNetLab/ya-practicum-diplom/internal/grpc/account/service.go:117.17,119.4 1 1
github.com/MagicNetLab/ya-practicum-diplom/internal/grpc/account/service.go:122.2,122.27 1 1
github.com/MagicNetLab/ya-practicum-diplom/internal/grpc/account/service.go:122.27,124.17 2 1
github.com/MagicNetLab/ya-practicum-diplom/internal/grpc/account/service.go:124.17,126.4 1 1
github.com/MagicNetLab/ya-practicum-diplom/internal/grpc/account/service.go:129.2,130.16 2 1
github.com/MagicNetLab/ya-practicum-diplom/internal/grpc/account/service.go:130.16,132.3 1 1
github.com/MagicNetLab/ya-practicum-diplom/internal/grpc/account/service.go:133.2,134.28 2 1
github.com/MagicNetLab/ya-practicum-diplom/internal/grpc/account/service.go:134.28,143.3 1 1
github.com/MagicNetLab/ya-practicum-diplom/internal/grpc/account/service.go:145.2,145.54 1 1
github.com/MagicNetLab/ya-practicum-diplom/internal/grpc/account/service.go:149.58,151.2 1 0
github.com/MagicNetLab/ya-practicum-diplom/internal/logger/args.go:13.44,15.2 1 0
github.com/MagicNetLab/ya-practicum-diplom/internal/logger/args.go:18.41,20.2 1 0
github.com/MagicNetLab/ya-practicum-diplom/internal/logger/args.go:23.60,25.2 1 0
github.com/MagicNetLab/ya-practicum-diplom/internal/logger/logger.go:14.19,38.2 4 0
github.com/MagicNetLab/ya-practicum-diplom/internal/logger/logger.go:41.39,43.2 1 0
github.com/MagicNetLab/ya-practicum-diplom/internal/logger/logger.go:46.40,48.2 1 0
github.com/MagicNetLab/ya-practicum-diplom/internal/logger/logger.go:51.40,53.2 1 0
github.com/MagicNetLab/ya-practicum-diplom/internal/logger/logger.go:56.40,58.2 1 0
github.com/MagicNetLab/ya-practicum-diplom/internal/logger/logger.go:61.39,63.2 1 0
github.com/MagicNetLab/ya-practicum-diplom/internal/logger/logger.go:66.20,68.2 1 0
github.com/MagicNetLab/ya-practicum-diplom/internal/logger/logger.go:71.52,73.27 2 0
github.com/MagicNetLab/ya-practicum-diplom/internal/logger/logger.go:73.27,74.22 1 0
github.com/MagicNetLab/ya-practicum-diplom/internal/logger/logger.go:75.17,76.71 1 0
github.com/MagicNetLab/ya-practicum-diplom/internal/logger/logger.go:77.14,78.65 1 0
github.com/MagicNetLab/ya-practicum-diplom/internal/logger/logger.go:79.19,80.80 1 0
github.com/MagicNetLab/ya-practicum-diplom/internal/logger/logger.go:84.2,84.16 1 0
github.com/MagicNetLab/ya-practicum-diplom/internal/services/encryptor/encryptor.go:14.47,16.16 2 0
github.com/MagicNetLab/ya-practicum-diplom/internal/services/encryptor/encryptor.go:16.16,18.3 1 0
github.com/MagicNetLab/ya-practicum-diplom/internal/services/encryptor/encryptor.go:20.2,21.21 2 0
github.com/MagicNetLab/ya-practicum-diplom/internal/services/encryptor/encryptor.go:21.21,23.3 1 0
github.com/MagicNetLab/ya-practicum-diplom/internal/services/encryptor/encryptor.go:25.2,26.16 2 0
github.com/MagicNetLab/ya-practicum-diplom/internal/services/encryptor/encryptor.go:26.16,28.3 1 0
github.com/MagicNetLab/ya-practicum-diplom/internal/services/encryptor/encryptor.go:30.2,31.62 2 0
github.com/MagicNetLab/ya-practicum-diplom/internal/services/encryptor/encryptor.go:35.47,37.16 2 0
github.com/MagicNetLab/ya-practicum-diplom/internal/services/encryptor/encryptor.go:37.16,39.3 1 0
github.com/MagicNetLab/ya-practicum-diplom/internal/services/encryptor/encryptor.go:40.2,41.21 2 0
github.com/MagicNetLab/ya-practicum-diplom/internal/services/encryptor/encryptor.go:41.21,43.3 1 0
github.com/MagicNetLab/ya-practicum-diplom/internal/services/encryptor/encryptor.go:45.2,46.16 2 0
github.com/MagicNetLab/ya-practicum-diplom/internal/services/encryptor/encryptor.go:46.16,48.3 1 0
github.com/MagicNetLab/ya-practicum-diplom/internal/services/encryptor/encryptor.go:50.2,51.16 2 0
github.com/MagicNetLab/ya-practicum-diplom/internal/services/encryptor/encryptor.go:51.16,53.3 1 0
github.com/MagicNetLab/ya-practicum-diplom/internal/services/encryptor/encryptor.go:55.2,56.16 2 0
github.com/MagicNetLab/ya-practicum-diplom/internal/services/encryptor/encryptor.go:56.16,59.3 2 0
github.com/MagicNetLab/ya-practicum-diplom/internal/services/encryptor/encryptor.go:61.2,61.31 1 0
github.com/MagicNetLab/ya-practicum-diplom/internal/services/encryptor/encryptor.go:65.55,70.2 3 0
github.com/MagicNetLab/ya-practicum-diplom/internal/services/encryptor/encryptor.go:73.75,77.16 3 0
github.com/MagicNetLab/ya-practicum-diplom/internal/services/encryptor/encryptor.go:77.16,80.3 2 0
github.com/MagicNetLab/ya-practicum-diplom/internal/services/encryptor/encryptor.go:82.2,84.16 3 0
[...]
github.com/MagicNetLab/ya-practicum-diplom/internal/repository/models/cards.go:108.31,110.2 1 1
github.com/MagicNetLab/ya-practicum-diplom/internal/repository/models/cards.go:113.42,116.2 2 0
github.com/MagicNetLab/ya-practicum-diplom/internal/repository/models/cards.go:119.30,121.2 1 1
github.com/MagicNetLab/ya-practicum-diplom/internal/repository/models/cards.go:124.40,127.2 2 0
github.com/MagicNetLab/ya-practicum-diplom/internal/repository/models/cards.go:130.32,132.2 1 1
github.com/MagicNetLab/ya-practicum-diplom/internal/repository/models/cards.go:135.41,138.2 2 0
github.com/MagicNetLab/ya-practicum-diplom/internal/repository/models/cards.go:141.32,143.2 1 1
github.com/MagicNetLab/ya-practicum-diplom/internal/repository/models/cards.go:146.41,149.2 2 0
github.com/MagicNetLab/ya-practicum-diplom/internal/repository/models/cards.go:152.41,154.2 1 1
github.com/MagicNetLab/ya-practicum-diplom/internal/repository/models/cards.go:157.56,158.55 1 1
github.com/MagicNetLab/ya-practicum-diplom/internal/repository/models/cards.go:158.55,160.3 1 1
github.com/MagicNetLab/ya-practicum-diplom/internal/repository/models/cards.go:162.2,163.12 2 1
github.com/MagicNetLab/ya-practicum-diplom/internal/repository/models/cards.go:167.29,170.39 2 1
github.com/MagicNetLab/ya-practicum-diplom/internal/repository/models/cards.go:170.39,173.15 2 1
github.com/MagicNetLab/ya-practicum-diplom/internal/repository/models/cards.go:173.15,175.4 1 1
github.com/MagicNetLab/ya-practicum-diplom/internal/repository/models/cards.go:178.2,178.44 1 1
github.com/MagicNetLab/ya-practicum-diplom/internal/repository/models/cards.go:182.33,184.2 1 1
github.com/MagicNetLab/ya-practicum-diplom/internal/repository/models/cards.go:187.43,190.2 2 0
github.com/MagicNetLab/ya-practicum-diplom/internal/repository/models/cards.go:193.33,194.33 1 1
github.com/MagicNetLab/ya-practicum-diplom/internal/repository/models/cards.go:194.33,196.3 1 1
github.com/MagicNetLab/ya-practicum-diplom/internal/repository/models/cards.go:198.2,198.19 1 1
github.com/MagicNetLab/ya-practicum-diplom/internal/repository/models/cards.go:198.19,200.3 1 1
github.com/MagicNetLab/ya-practicum-diplom/internal/repository/models/cards.go:202.2,202.21 1 1
github.com/MagicNetLab/ya-practicum-diplom/internal/repository/models/cards.go:202.21,204.3 1 1
github.com/MagicNetLab/ya-practicum-diplom/internal/repository/models/cards.go:206.2,206.38 1 1
github.com/MagicNetLab/ya-practicum-diplom/internal/repository/models/cards.go:206.38,208.3 1 1
github.com/MagicNetLab/ya-practicum-diplom/internal/repository/models/cards.go:210.2,215.38 4 1
github.com/MagicNetLab/ya-practicum-diplom/internal/repository/models/cards.go:215.38,217.3 1 1
github.com/MagicNetLab/ya-practicum-diplom/internal/repository/models/cards.go:219.2,219.38 1 1
github.com/MagicNetLab/ya-practicum-diplom/internal/repository/models/cards.go:219.38,221.16 2 1
github.com/MagicNetLab/ya-practicum-diplom/internal/repository/models/cards.go:221.16,223.15 2 1
github.com/MagicNetLab/ya-practicum-diplom/internal/repository/models/cards.go:223.15,225.5 1 0
github.com/MagicNetLab/ya-practicum-diplom/internal/repository/models/cards.go:228.3,230.13 2 1
github.com/MagicNetLab/ya-practicum-diplom/internal/repository/models/cards.go:233.2,233.20 1 1
github.com/MagicNetLab/ya-practicum-diplom/internal/repository/models/cards.go:233.20,235.3 1 1
github.com/MagicNetLab/ya-practicum-diplom/internal/repository/models/cards.go:237.2,237.12 1 1
github.com/MagicNetLab/ya-practicum-diplom/internal/repository/models/files.go:29.82,30.42 1 1
github.com/MagicNetLab/ya-practicum-diplom/internal/repository/models/files.go:30.42,32.3 1 1
github.com/MagicNetLab/ya-practicum-diplom/internal/repository/models/files.go:34.2,34.43 1 1
github.com/MagicNetLab/ya-practicum-diplom/internal/repository/models/files.go:34.43,36.3 1 1
github.com/MagicNetLab/ya-practicum-diplom/internal/repository/models/files.go:38.2,47.8 2 1
github.com/MagicNetLab/ya-practicum-diplom/internal/repository/models/files.go:61.31,63.2 1 1
github.com/MagicNetLab/ya-practicum-diplom/internal/repository/models/files.go:66.39,69.2 2 1
github.com/MagicNetLab/ya-practicum-diplom/internal/repository/models/files.go:72.32,74.2 1 1
github.com/MagicNetLab/ya-practicum-diplom/internal/repository/models/files.go:77.41,80.2 2 1
github.com/MagicNetLab/ya-practicum-diplom/internal/repository/models/files.go:83.33,85.2 1 1
github.com/MagicNetLab/ya-practicum-diplom/internal/repository/models/files.go:88.43,91.2 2 1
github.com/MagicNetLab/ya-practicum-diplom/internal/repository/models/files.go:94.33,96.2 1 1
github.com/MagicNetLab/ya-practicum-diplom/internal/repository/models/files.go:98.43,101.2 2 1
github.com/MagicNetLab/ya-practicum-diplom/internal/repository/models/files.go:104.30,106.2 1 1
github.com/MagicNetLab/ya-practicum-diplom/internal/repository/models/files.go:109.40,112.2 2 1
github.com/MagicNetLab/ya-practicum-diplom/internal/repository/models/files.go:115.33,117.2 1 1
github.com/MagicNetLab/ya-practicum-diplom/internal/repository/models/files.go:120.43,123.2 2 1
github.com/MagicNetLab/ya-practicum-diplom/internal/repository/models/files.go:126.41,128.2 1 1
github.com/MagicNetLab/ya-practicum-diplom/internal/repository/models/files.go:131.56,134.2 2 1
github.com/MagicNetLab/ya-practicum-diplom/internal/repository/models/files.go:137.31,138.32 1 1
github.com/MagicNetLab/ya-practicum-diplom/internal/repository/models/files.go:138.32,140.3 1 1
github.com/MagicNetLab/ya-practicum-diplom/internal/repository/models/files.go:142.2,142.33 1 1
github.com/MagicNetLab/ya-practicum-diplom/internal/repository/models/files.go:142.33,144.3 1 1
github.com/MagicNetLab/ya-practicum-diplom/internal/repository/models/files.go:146.2,146.49 1 1
github.com/MagicNetLab/ya-practicum-diplom/internal/repository/models/files.go:146.49,148.3 1 1
github.com/MagicNetLab/ya-practicum-diplom/internal/repository/models/files.go:150.2,150.26 1 1
github.com/MagicNetLab/ya-practicum-diplom/internal/repository/models/files.go:150.26,152.3 1 1
github.com/MagicNetLab/ya-practicum-diplom/internal/repository/models/files.go:154.2,154.13 1 1
github.com/MagicNetLab/ya-practicum-diplom/internal/repository/models/filesSearch.go:17.39,19.2 1 0
github.com/MagicNetLab/ya-practicum-diplom/internal/repository/models/filesSearch.go:21.53,25.17 4 1
github.com/MagicNetLab/ya-practicum-diplom/internal/repository/models/filesSearch.go:25.17,27.3 1 1
github.com/MagicNetLab/ya-practicum-diplom/internal/repository/models/filesSearch.go:28.2,28.18 1 1
github.com/MagicNetLab/ya-practicum-diplom/internal/repository/models/filesSearch.go:28.18,30.3 1 1
github.com/MagicNetLab/ya-practicum-diplom/internal/repository/models/filesSearch.go:32.2,32.20 1 1
github.com/MagicNetLab/ya-practicum-diplom/internal/repository/models/filesSearch.go:32.20,36.27 3 1
github.com/MagicNetLab/ya-practicum-diplom/internal/repository/models/filesSearch.go:36.27,37.13 1 1
github.com/MagicNetLab/ya-practicum-diplom/internal/repository/models/filesSearch.go:37.13,39.5 1 1
github.com/MagicNetLab/ya-practicum-diplom/internal/repository/models/filesSearch.go:40.4,40.23 1 1
github.com/MagicNetLab/ya-practicum-diplom/internal/repository/models/filesSearch.go:40.23,43.5 2 1
github.com/MagicNetLab/ya-practicum-diplom/internal/repository/models/filesSearch.go:43.10,46.5 2 1
github.com/MagicNetLab/ya-practicum-diplom/internal/repository/models/filesSearch.go:47.4,47.7 1 1
github.com/MagicNetLab/ya-practicum-diplom/internal/repository/models/filesSearch.go:51.2,51.17 1 1
github.com/MagicNetLab/ya-practicum-diplom/internal/repository/models/filesSearch.go:51.17,54.3 2 1
github.com/MagicNetLab/ya-practicum-diplom/internal/repository/models/filesSearch.go:56.2,56.18 1 1
github.com/MagicNetLab/ya-practicum-diplom/internal/repository/models/filesSearch.go:56.18,59.3 2 1
github.com/MagicNetLab/ya-practicum-diplom/internal/repository/models/filesSearch.go:61.2,61.20 1 1
github.com/MagicNetLab/ya-practicum-diplom/internal/repository/models/note.go:25.62,26.47 1 1
github.com/MagicNetLab/ya-practicum-diplom/internal/repository/models/note.go:26.47,28.3 1 1
github.com/MagicNetLab/ya-practicum-diplom/internal/repository/models/note.go:30.2,38.8 1 1
github.com/MagicNetLab/ya-practicum-diplom/internal/repository/models/note.go:53.31,55.2 1 1
github.com/MagicNetLab/ya-practicum-diplom/internal/repository/models/note.go:58.32,60.2 1 1
github.com/MagicNetLab/ya-practicum-diplom/internal/repository/models/note.go:63.34,65.2 1 1
github.com/MagicNetLab/ya-practicum-diplom/internal/repository/models/note.go:68.45,69.17 1 1
github.com/MagicNetLab/ya-practicum-diplom/internal/repository/models/note.go:69.17,71.3 1 1
github.com/MagicNetLab/ya-practicum-diplom/internal/repository/models/note.go:73.2,74.12 2 1
github.com/MagicNetLab/ya-practicum-diplom/internal/repository/models/note.go:78.36,80.2 1 1
github.com/MagicNetLab/ya-practicum-diplom/internal/repository/models/note.go:83.49,84.19 1 1
github.com/MagicNetLab/ya-practicum-diplom/internal/repository/models/note.go:84.19,86.3 1 1
github.com/MagicNetLab/ya-practicum-diplom/internal/repository/models/note.go:88.2,89.12 2 1
github.com/MagicNetLab/ya-practicum-diplom/internal/repository/models/note.go:93.33,95.2 1 1
github.com/MagicNetLab/ya-practicum-diplom/internal/repository/models/note.go:98.43,99.16 1 1
github.com/MagicNetLab/ya-practicum-diplom/internal/repository/models/note.go:99.16,101.3 1 1
github.com/MagicNetLab/ya-practicum-diplom/internal/repository/models/note.go:102.2,103.12 2 1
github.com/MagicNetLab/ya-practicum-diplom/internal/repository/models/note.go:107.41,109.2 1 1
github.com/MagicNetLab/ya-practicum-diplom/internal/repository/models/note.go:112.41,114.2 1 1
github.com/MagicNetLab/ya-practicum-diplom/internal/repository/models/noteSearch.go:24.52,29.17 4 1
github.com/MagicNetLab/ya-practicum-diplom/internal/repository/models/noteSearch.go:29.17,31.3 1 1
github.com/MagicNetLab/ya-practicum-diplom/internal/repository/models/noteSearch.go:33.2,33.20 1 1
github.com/MagicNetLab/ya-practicum-diplom/internal/repository/models/noteSearch.go:33.20,35.3 1 1
github.com/MagicNetLab/ya-practicum-diplom/internal/repository/models/noteSearch.go:37.2,37.20 1 1
github.com/MagicNetLab/ya-practicum-diplom/internal/repository/models/noteSearch.go:37.20,41.27 3 1
github.com/MagicNetLab/ya-practicum-diplom/internal/repository/models/noteSearch.go:41.27,42.13 1 1
github.com/MagicNetLab/ya-practicum-diplom/internal/repository/models/noteSearch.go:42.13,44.5 1 1
github.com/MagicNetLab/ya-practicum-diplom/internal/repository/models/noteSearch.go:45.4,45.23 1 1
github.com/MagicNetLab/ya-practicum-diplom/internal/repository/models/noteSearch.go:45.23,48.5 2 1
github.com/MagicNetLab/ya-practicum-diplom/internal/repository/models/noteSearch.go:48.10,51.5 2 1
github.com/MagicNetLab/ya-practicum-diplom/internal/repository/models/noteSearch.go:52.4,52.7 1 1
github.com/MagicNetLab/ya-practicum-diplom/internal/repository/models/noteSearch.go:56.2,56.17 1 1
github.com/MagicNetLab/ya-practicum-diplom/internal/repository/models/noteSearch.go:56.17,59.3 2 1
github.com/MagicNetLab/ya-practicum-diplom/internal/repository/models/noteSearch.go:61.2,61.18 1 1
github.com/MagicNetLab/ya-practicum-diplom/internal/repository/models/noteSearch.go:61.18,64.3 2 1
github.com/MagicNetLab/ya-practicum-diplom/internal/repository/models/noteSearch.go:66.2,66.20 1 1
github.com/MagicNetLab/ya-practicum-diplom/internal/repository/models/token.go:34.32,36.2 1 1
github.com/MagicNetLab/ya-practicum-diplom/internal/repository/models/token.go:39.40,40.14 1 1
github.com/MagicNetLab/ya-practicum-diplom/internal/repository/models/token.go:40.14,42.3 1 1
github.com/MagicNetLab/ya-practicum-diplom/internal/repository/models/token.go:44.2,44.42 1 1
github.com/MagicNetLab/ya-practicum-diplom/internal/repository/models/token.go:44.42,46.3 1 1
github.com/MagicNetLab/ya-practicum-diplom/internal/repository/models/token.go:48.2,49.12 2 1
github.com/MagicNetLab/ya-practicum-diplom/internal/repository/models/token.go:53.35,55.2 1 1
github.com/MagicNetLab/ya-practicum-diplom/internal/repository/models/token.go:58.46,59.17 1 1
github.com/MagicNetLab/ya-practicum-diplom/internal/repository/models/token.go:59.17,61.3 1 1
github.com/MagicNetLab/ya-practicum-diplom/internal/repository/models/token.go:63.2,64.12 2 1
github.com/MagicNetLab/ya-practicum-diplom/internal/repository/models/token.go:68.33,70.2 1 1
github.com/MagicNetLab/ya-practicum-diplom/internal/repository/models/token.go:73.42,74.15 1 1
github.com/MagicNetLab/ya-practicum-diplom/internal/repository/models/token.go:74.15,76.3 1 1
github.com/MagicNetLab/ya-practicum-diplom/internal/repository/models/token.go:78.2,78.43 1 1
github.com/MagicNetLab/ya-practicum-diplom/internal/repository/models/token.go:78.43,80.3 1 1
github.com/MagicNetLab/ya-practicum-diplom/internal/repository/models/token.go:82.2,83.12 2 1
github.com/MagicNetLab/ya-practicum-diplom/internal/repository/models/token.go:87.34,89.2 1 1
github.com/MagicNetLab/ya-practicum-diplom/internal/repository/models/token.go:92.50,95.2 2 1
github.com/MagicNetLab/ya-practicum-diplom/internal/repository/models/token.go:98.40,100.2 1 1
github.com/MagicNetLab/ya-practicum-diplom/internal/repository/models/token.go:103.53,104.22 1 1
github.com/MagicNetLab/ya-practicum-diplom/internal/repository/models/token.go:104.22,106.3 1 1
github.com/MagicNetLab/ya-practicum-diplom/internal/repository/models/token.go:108.2,108.32 1 1
github.com/MagicNetLab/ya-practicum-diplom/internal/repository/models/token.go:108.32,110.3 1 1
github.com/MagicNetLab/ya-practicum-diplom/internal/repository/models/token.go:112.2,113.12 2 1
github.com/MagicNetLab/ya-practicum-diplom/internal/repository/models/user.go:34.32,36.2 1 1
github.com/MagicNetLab/ya-practicum-diplom/internal/repository/models/user.go:39.41,40.15 1 1
github.com/MagicNetLab/ya-practicum-diplom/internal/repository/models/user.go:40.15,42.3 1 1
github.com/MagicNetLab/ya-practicum-diplom/internal/repository/models/user.go:44.2,44.43 1 1
github.com/MagicNetLab/ya-practicum-diplom/internal/repository/models/user.go:44.43,46.3 1 1
github.com/MagicNetLab/ya-practicum-diplom/internal/repository/models/user.go:48.2,49.12 2 1
github.com/MagicNetLab/ya-practicum-diplom/internal/repository/models/user.go:53.34,55.2 1 1
github.com/MagicNetLab/ya-practicum-diplom/internal/repository/models/user.go:58.45,59.17 1 1
github.com/MagicNetLab/ya-practicum-diplom/internal/repository/models/user.go:59.17,61.3 1 1
github.com/MagicNetLab/ya-practicum-diplom/internal/repository/models/user.go:62.2,63.12 2 1
github.com/MagicNetLab/ya-practicum-diplom/internal/repository/models/user.go:67.37,69.2 1 1
github.com/MagicNetLab/ya-practicum-diplom/internal/repository/models/user.go:72.51,73.20 1 1
github.com/MagicNetLab/ya-practicum-diplom/internal/repository/models/user.go:73.20,75.3 1 1
github.com/MagicNetLab/ya-practicum-diplom/internal/repository/models/user.go:76.2,77.12 2 1
github.com/MagicNetLab/ya-practicum-diplom/internal/repository/models/user.go:81.41,82.26 1 1
github.com/MagicNetLab/ya-practicum-diplom/internal/repository/models/user.go:82.26,84.3 1 1
github.com/MagicNetLab/ya-practicum-diplom/internal/repository/models/user.go:85.2,85.20 1 1
github.com/MagicNetLab/ya-practicum-diplom/internal/repository/models/user.go:89.56,90.24 1 1
github.com/MagicNetLab/ya-practicum-diplom/internal/repository/models/user.go:90.24,92.3 1 1
github.com/MagicNetLab/ya-practicum-diplom/internal/repository/models/user.go:94.2,94.33 1 1
github.com/MagicNetLab/ya-practicum-diplom/internal/repository/models/user.go:94.33,96.3 1 1
github.com/MagicNetLab/ya-practicum-diplom/internal/repository/models/user.go:98.2,99.12 2 1
github.com/MagicNetLab/ya-practicum-diplom/internal/repository/models/user.go:103.41,104.26 1 1
github.com/MagicNetLab/ya-practicum-diplom/internal/repository/models/user.go:104.26,106.3 1 1
github.com/MagicNetLab/ya-practicum-diplom/internal/repository/models/user.go:107.2,107.20 1 1
github.com/MagicNetLab/ya-practicum-diplom/internal/repository/models/user.go:111.56,112.24 1 1
github.com/MagicNetLab/ya-practicum-diplom/internal/repository/models/user.go:112.24,114.3 1 1
github.com/MagicNetLab/ya-practicum-diplom/internal/repository/models/user.go:116.2,116.33 1 1
github.com/MagicNetLab/ya-practicum-diplom/internal/repository/models/user.go:116.33,119.3 2 1
github.com/MagicNetLab/ya-practicum-diplom/internal/repository/models/user.go:121.2,121.35 1 1
github.com/MagicNetLab/ya-practicum-diplom/internal/repository/models/user.go:121.35,123.3 1 1
github.com/MagicNetLab/ya-practicum-diplom/internal/repository/models/user.go:125.2,126.12 2 1
github.com/MagicNetLab/ya-practicum-diplom/internal/logger/args.go:13.44,15.2 1 0
github.com/MagicNetLab/ya-practicum-diplom/internal/logger/args.go:18.41,20.2 1 0
github.com/MagicNetLab/ya-practicum-diplom/internal/logger/args.go:23.60,25.2 1 0
github.com/MagicNetLab/ya-practicum-diplom/internal/logger/logger.go:14.19,38.2 4 0
github.com/MagicNetLab/ya-practicum-diplom/internal/logger/logger.go:41.39,43.2 1 0
github.com/MagicNetLab/ya-practicum-diplom/internal/logger/logger.go:46.40,48.2 1 0
github.com/MagicNetLab/ya-practicum-diplom/internal/logger/logger.go:51.40,53.2 1 0
github.com/MagicNetLab/ya-practicum-diplom/internal/logger/logger.go:56.40,58.2 1 1
github.com/MagicNetLab/ya-practicum-diplom/internal/logger/logger.go:61.39,63.2 1 0
github.com/MagicNetLab/ya-practicum-diplom/internal/logger/logger.go:66.20,68.2 1 0
github.com/MagicNetLab/ya-practicum-diplom/internal/logger/logger.go:71.52,73.27 2 1
github.com/MagicNetLab/ya-practicum-diplom/internal/logger/logger.go:73.27,74.22 1 0
github.com/MagicNetLab/ya-practicum-diplom/internal/logger/logger.go:75.17,76.71 1 0
github.com/MagicNetLab/ya-practicum-diplom/internal/logger/logger.go:77.14,78.65 1 0
github.com/MagicNetLab/ya-practicum-diplom/internal/logger/logger.go:79.19,80.80 1 0
github.com/MagicNetLab/ya-practicum-diplom/internal/logger/logger.go:84.2,84.16 1 1
github.com/MagicNetLab/ya-practicum-diplom/internal/services/s3/client.go:26.50,31.16 2 1
github.com/MagicNetLab/ya-practicum-diplom/internal/services/s3/client.go:31.16,34.3 2 0
github.com/MagicNetLab/ya-practicum-diplom/internal/services/s3/client.go:35.2,39.16 4 1
github.com/MagicNetLab/ya-practicum-diplom/internal/services/s3/client.go:39.16,42.3 2 0
github.com/MagicNetLab/ya-practicum-diplom/internal/services/s3/client.go:44.2,44.13 1 1
github.com/MagicNetLab/ya-practicum-diplom/internal/services/s3/client.go:44.13,47.17 3 1
github.com/MagicNetLab/ya-practicum-diplom/internal/services/s3/client.go:47.17,50.4 2 0
github.com/MagicNetLab/ya-practicum-diplom/internal/services/s3/client.go:53.2,53.61 1 1
github.com/MagicNetLab/ya-practicum-diplom/internal/services/s3/client.go:63.78,65.16 2 1
github.com/MagicNetLab/ya-practicum-diplom/internal/services/s3/client.go:65.16,68.3 2 0
github.com/MagicNetLab/ya-practicum-diplom/internal/services/s3/client.go:70.2,70.15 1 1
github.com/MagicNetLab/ya-practicum-diplom/internal/services/s3/client.go:70.15,71.36 1 1
github.com/MagicNetLab/ya-practicum-diplom/internal/services/s3/client.go:71.36,73.4 1 0
github.com/MagicNetLab/ya-practicum-diplom/internal/services/s3/client.go:76.2,77.44 2 1
github.com/MagicNetLab/ya-practicum-diplom/internal/services/s3/client.go:77.44,79.3 1 1
github.com/MagicNetLab/ya-practicum-diplom/internal/services/s3/client.go:80.2,80.25 1 1
github.com/MagicNetLab/ya-practicum-diplom/internal/services/s3/client.go:84.95,92.16 1 1
github.com/MagicNetLab/ya-practicum-diplom/internal/services/s3/client.go:92.16,95.3 2 0
github.com/MagicNetLab/ya-practicum-diplom/internal/services/s3/client.go:97.2,97.12 1 1
github.com/MagicNetLab/ya-practicum-diplom/internal/services/s3/client.go:101.71,103.16 2 1
github.com/MagicNetLab/ya-practicum-diplom/internal/services/s3/client.go:103.16,106.3 2 0
github.com/MagicNetLab/ya-practicum-diplom/internal/services/s3/client.go:108.2,108.12 1 1
